<?xml version="1.0" encoding="UTF-8"?>
<!-- Generated by org.testng.reporters.JUnitXMLReporter -->
<testsuite hostname="TO-NXGHGAA00163000A457600-L" ignored="0" name="Test" tests="110" failures="85" timestamp="28 Jul 2020 04:01:47 GMT" time="13096.303" errors="0">
  <testcase name="main" time="19.476" classname="revampTestCase.SS_Account_Registration_Functionality">
    <failure type="java.io.IOException" message="Destination &amp;apos;C:\Users\amithpDownloads\DesktopRegressionSuite\DesktopRegressionSuite\Screens\Test Results\Run_28_07_2020_05_53_30\Fail\SS_Account_Registration_Functionality_Failed.jpg&amp;apos; directory cannot be created">
      <![CDATA[java.io.IOException: Destination 'C:\Users\amithpDownloads\DesktopRegressionSuite\DesktopRegressionSuite\Screens\Test Results\Run_28_07_2020_05_53_30\Fail\SS_Account_Registration_Functionality_Failed.jpg' directory cannot be created
	at org.apache.commons.io.FileUtils.copyFile(FileUtils.java:646)
	at org.apache.commons.io.FileUtils.copyFile(FileUtils.java:606)
	at utility.Utils.captureScreenshot(Utils.java:943)
	at revampTestCase.SS_Account_Registration_Functionality.main(SS_Account_Registration_Functionality.java:101)
... Removed 25 stack frames]]>
    </failure>
  </testcase> <!-- main -->
  <testcase name="main" time="14.097" classname="revampTestCase.SS_Account_Registration_With_Social_Acc_Functionality"/>
  <testcase name="verifyShopperStopBrands" time="20.23" classname="revampTestCase.SS_Brands_Verify_shoopers_stop_all_Brands_link_page">
    <failure type="java.lang.ExceptionInInitializerError">
      <![CDATA[java.lang.ExceptionInInitializerError
	at revampTestCase.SS_Brands_Verify_shoopers_stop_all_Brands_link_page.verifyShopperStopBrands(SS_Brands_Verify_shoopers_stop_all_Brands_link_page.java:54)
Caused by: org.openqa.selenium.NoSuchElementException: Unable to locate element: //a[contains(text(),'Brands of Shoppers Stop')]
For documentation on this error, please visit: http://seleniumhq.org/exceptions/no_such_element.html
Build info: version: '3.7.1', revision: '8a0099a', time: '2017-11-06T21:01:39.354Z'
System info: host: 'TO-NXGHGAA00163', ip: '192.168.181.2', os.name: 'Windows 10', os.arch: 'amd64', os.version: '10.0', java.version: '1.8.0_221'
Driver info: org.openqa.selenium.firefox.FirefoxDriver
Capabilities {acceptInsecureCerts: true, browserName: firefox, browserVersion: 78.0.2, javascriptEnabled: true, moz:accessibilityChecks: false, moz:buildID: 20200708170202, moz:geckodriverVersion: 0.24.0, moz:headless: false, moz:processID: 11704, moz:profile: C:\Users\amithp\AppData\Loc..., moz:shutdownTimeout: 60000, moz:useNonSpecCompliantPointerOrigin: false, moz:webdriverClick: true, pageLoadStrategy: normal, platform: WINDOWS, platformName: WINDOWS, platformVersion: 10.0, rotatable: false, setWindowRect: true, strictFileInteractability: false, timeouts: {implicit: 0, pageLoad: 300000, script: 30000}, unhandledPromptBehavior: dismiss and notify}
Session ID: 1b1ac751-1ab1-4581-b4dc-09399218bf0c
*** Element info: {Using=xpath, value=//a[contains(text(),'Brands of Shoppers Stop')]}
	at org.openqa.selenium.remote.http.W3CHttpResponseCodec.createException(W3CHttpResponseCodec.java:187)
	at org.openqa.selenium.remote.http.W3CHttpResponseCodec.decode(W3CHttpResponseCodec.java:122)
	at org.openqa.selenium.remote.http.W3CHttpResponseCodec.decode(W3CHttpResponseCodec.java:49)
	at org.openqa.selenium.remote.HttpCommandExecutor.execute(HttpCommandExecutor.java:164)
	at org.openqa.selenium.remote.service.DriverCommandExecutor.execute(DriverCommandExecutor.java:83)
	at org.openqa.selenium.remote.RemoteWebDriver.execute(RemoteWebDriver.java:600)
	at org.openqa.selenium.remote.RemoteWebDriver.findElement(RemoteWebDriver.java:370)
	at org.openqa.selenium.remote.RemoteWebDriver.findElementByXPath(RemoteWebDriver.java:472)
	at org.openqa.selenium.By$ByXPath.findElement(By.java:361)
	at org.openqa.selenium.remote.RemoteWebDriver.findElement(RemoteWebDriver.java:362)
	at pageObjects.Brands_page.<clinit>(Brands_page.java:24)
	... 26 more
... Removed 29 stack frames]]>
    </failure>
  </testcase> <!-- verifyShopperStopBrands -->
  <testcase name="main" time="173.214" classname="revampTestCase.SS_CartPage_Private_Verify_Cart_Page_Default_Functionality">
    <failure type="java.io.IOException" message="Destination &amp;apos;C:\Users\amithpDownloads\DesktopRegressionSuite\DesktopRegressionSuite\Screens\Test Results\Run_28_07_2020_05_53_30\Fail\SS_CartPage_Private_Verify_Cart_Page_Default_Functionality_Failed.jpg&amp;apos; directory cannot be created">
      <![CDATA[java.io.IOException: Destination 'C:\Users\amithpDownloads\DesktopRegressionSuite\DesktopRegressionSuite\Screens\Test Results\Run_28_07_2020_05_53_30\Fail\SS_CartPage_Private_Verify_Cart_Page_Default_Functionality_Failed.jpg' directory cannot be created
	at org.apache.commons.io.FileUtils.copyFile(FileUtils.java:646)
	at org.apache.commons.io.FileUtils.copyFile(FileUtils.java:606)
	at utility.Utils.captureScreenshot(Utils.java:943)
	at revampTestCase.SS_CartPage_Private_Verify_Cart_Page_Default_Functionality.main(SS_CartPage_Private_Verify_Cart_Page_Default_Functionality.java:100)
... Removed 25 stack frames]]>
    </failure>
  </testcase> <!-- main -->
  <testcase name="main" time="143.913" classname="revampTestCase.SS_CartPage_Private_Verify_CartPage_ApplyCoupon_Functionality">
    <failure type="java.io.IOException" message="Destination &amp;apos;C:\Users\amithpDownloads\DesktopRegressionSuite\DesktopRegressionSuite\Screens\Test Results\Run_28_07_2020_05_53_30\Fail\SS_CartPage_Private_Verify_CartPage_ApplyCoupon_Functionality_Failed.jpg&amp;apos; directory cannot be created">
      <![CDATA[java.io.IOException: Destination 'C:\Users\amithpDownloads\DesktopRegressionSuite\DesktopRegressionSuite\Screens\Test Results\Run_28_07_2020_05_53_30\Fail\SS_CartPage_Private_Verify_CartPage_ApplyCoupon_Functionality_Failed.jpg' directory cannot be created
	at org.apache.commons.io.FileUtils.copyFile(FileUtils.java:646)
	at org.apache.commons.io.FileUtils.copyFile(FileUtils.java:606)
	at utility.Utils.captureScreenshot(Utils.java:943)
	at revampTestCase.SS_CartPage_Private_Verify_CartPage_ApplyCoupon_Functionality.main(SS_CartPage_Private_Verify_CartPage_ApplyCoupon_Functionality.java:140)
... Removed 25 stack frames]]>
    </failure>
  </testcase> <!-- main -->
  <testcase name="main" time="64.373" classname="revampTestCase.SS_CartPage_Private_Verify_CartPage_FromYourWishlist_Functionality">
    <failure type="java.io.IOException" message="Destination &amp;apos;C:\Users\amithpDownloads\DesktopRegressionSuite\DesktopRegressionSuite\Screens\Test Results\Run_28_07_2020_05_53_30\Fail\SS_CartPage_Private_Verify_CartPage_FromYourWishlist_Functionality_Failed.jpg&amp;apos; directory cannot be created">
      <![CDATA[java.io.IOException: Destination 'C:\Users\amithpDownloads\DesktopRegressionSuite\DesktopRegressionSuite\Screens\Test Results\Run_28_07_2020_05_53_30\Fail\SS_CartPage_Private_Verify_CartPage_FromYourWishlist_Functionality_Failed.jpg' directory cannot be created
	at org.apache.commons.io.FileUtils.copyFile(FileUtils.java:646)
	at org.apache.commons.io.FileUtils.copyFile(FileUtils.java:606)
	at utility.Utils.captureScreenshot(Utils.java:943)
	at revampTestCase.SS_CartPage_Private_Verify_CartPage_FromYourWishlist_Functionality.main(SS_CartPage_Private_Verify_CartPage_FromYourWishlist_Functionality.java:86)
... Removed 25 stack frames]]>
    </failure>
  </testcase> <!-- main -->
  <testcase name="main" time="90.59" classname="revampTestCase.SS_CartPage_Private_Verify_CartPage_MoveToWishlist_Functionality">
    <failure type="java.io.IOException" message="Destination &amp;apos;C:\Users\amithpDownloads\DesktopRegressionSuite\DesktopRegressionSuite\Screens\Test Results\Run_28_07_2020_05_53_30\Fail\SS_CartPage_Private_Verify_CartPage_MoveToWishlist_Functionality_Failed.jpg&amp;apos; directory cannot be created">
      <![CDATA[java.io.IOException: Destination 'C:\Users\amithpDownloads\DesktopRegressionSuite\DesktopRegressionSuite\Screens\Test Results\Run_28_07_2020_05_53_30\Fail\SS_CartPage_Private_Verify_CartPage_MoveToWishlist_Functionality_Failed.jpg' directory cannot be created
	at org.apache.commons.io.FileUtils.copyFile(FileUtils.java:646)
	at org.apache.commons.io.FileUtils.copyFile(FileUtils.java:606)
	at utility.Utils.captureScreenshot(Utils.java:943)
	at revampTestCase.SS_CartPage_Private_Verify_CartPage_MoveToWishlist_Functionality.main(SS_CartPage_Private_Verify_CartPage_MoveToWishlist_Functionality.java:140)
... Removed 25 stack frames]]>
    </failure>
  </testcase> <!-- main -->
  <testcase name="main" time="121.49" classname="revampTestCase.SS_CartPage_Private_Verify_UpdateCart_GiftMessage_DeliveryPincode_RemoveCartItem_Functionality">
    <failure type="java.io.IOException" message="Destination &amp;apos;C:\Users\amithpDownloads\DesktopRegressionSuite\DesktopRegressionSuite\Screens\Test Results\Run_28_07_2020_05_53_30\Fail\SS_CartPage_Private_Verify_UpdateCart_GiftMessage_DeliveryPincode_RemoveCartItem_Functionality_Failed.jpg&amp;apos; directory cannot be created">
      <![CDATA[java.io.IOException: Destination 'C:\Users\amithpDownloads\DesktopRegressionSuite\DesktopRegressionSuite\Screens\Test Results\Run_28_07_2020_05_53_30\Fail\SS_CartPage_Private_Verify_UpdateCart_GiftMessage_DeliveryPincode_RemoveCartItem_Functionality_Failed.jpg' directory cannot be created
	at org.apache.commons.io.FileUtils.copyFile(FileUtils.java:646)
	at org.apache.commons.io.FileUtils.copyFile(FileUtils.java:606)
	at utility.Utils.captureScreenshot(Utils.java:943)
	at revampTestCase.SS_CartPage_Private_Verify_UpdateCart_GiftMessage_DeliveryPincode_RemoveCartItem_Functionality.main(SS_CartPage_Private_Verify_UpdateCart_GiftMessage_DeliveryPincode_RemoveCartItem_Functionality.java:109)
... Removed 25 stack frames]]>
    </failure>
  </testcase> <!-- main -->
  <testcase name="main" time="96.839" classname="revampTestCase.SS_CartPage_Public_Verify_Cart_Page_Default_Functionality">
    <failure type="java.io.IOException" message="Destination &amp;apos;C:\Users\amithpDownloads\DesktopRegressionSuite\DesktopRegressionSuite\Screens\Test Results\Run_28_07_2020_05_53_30\Fail\SS_CartPage_Public_Verify_Cart_Page_Default_Functionality_Failed.jpg&amp;apos; directory cannot be created">
      <![CDATA[java.io.IOException: Destination 'C:\Users\amithpDownloads\DesktopRegressionSuite\DesktopRegressionSuite\Screens\Test Results\Run_28_07_2020_05_53_30\Fail\SS_CartPage_Public_Verify_Cart_Page_Default_Functionality_Failed.jpg' directory cannot be created
	at org.apache.commons.io.FileUtils.copyFile(FileUtils.java:646)
	at org.apache.commons.io.FileUtils.copyFile(FileUtils.java:606)
	at utility.Utils.captureScreenshot(Utils.java:943)
	at revampTestCase.SS_CartPage_Public_Verify_Cart_Page_Default_Functionality.main(SS_CartPage_Public_Verify_Cart_Page_Default_Functionality.java:96)
... Removed 25 stack frames]]>
    </failure>
  </testcase> <!-- main -->
  <testcase name="main" time="27.563" classname="revampTestCase.SS_CartPage_Public_verify_Default_StorePickup_Functionality">
    <failure type="java.io.IOException" message="Destination &amp;apos;C:\Users\amithpDownloads\DesktopRegressionSuite\DesktopRegressionSuite\Screens\Test Results\Run_28_07_2020_05_53_30\Fail\SS_CartPage_Public_verify_Default_StorePickup_Functionality_Failed.jpg&amp;apos; directory cannot be created">
      <![CDATA[java.io.IOException: Destination 'C:\Users\amithpDownloads\DesktopRegressionSuite\DesktopRegressionSuite\Screens\Test Results\Run_28_07_2020_05_53_30\Fail\SS_CartPage_Public_verify_Default_StorePickup_Functionality_Failed.jpg' directory cannot be created
	at org.apache.commons.io.FileUtils.copyFile(FileUtils.java:646)
	at org.apache.commons.io.FileUtils.copyFile(FileUtils.java:606)
	at utility.Utils.captureScreenshot(Utils.java:943)
	at revampTestCase.SS_CartPage_Public_verify_Default_StorePickup_Functionality.main(SS_CartPage_Public_verify_Default_StorePickup_Functionality.java:80)
... Removed 25 stack frames]]>
    </failure>
  </testcase> <!-- main -->
  <testcase name="main" time="73.856" classname="revampTestCase.SS_CartPage_Public_Verify_Footer_DownLoadApp_Followus">
    <failure type="org.openqa.selenium.NoSuchWindowException" message="Browsing context has been discarded
Build info: version: &amp;apos;3.7.1&amp;apos;, revision: &amp;apos;8a0099a&amp;apos;, time: &amp;apos;2017-11-06T21:01:39.354Z&amp;apos;
System info: host: &amp;apos;TO-NXGHGAA00163&amp;apos;, ip: &amp;apos;192.168.181.2&amp;apos;, os.name: &amp;apos;Windows 10&amp;apos;, os.arch: &amp;apos;amd64&amp;apos;, os.version: &amp;apos;10.0&amp;apos;, java.version: &amp;apos;1.8.0_221&amp;apos;
Driver info: org.openqa.selenium.firefox.FirefoxDriver
Capabilities {acceptInsecureCerts: true, browserName: firefox, browserVersion: 78.0.2, javascriptEnabled: true, moz:accessibilityChecks: false, moz:buildID: 20200708170202, moz:geckodriverVersion: 0.24.0, moz:headless: false, moz:processID: 19296, moz:profile: C:\Users\amithp\AppData\Loc..., moz:shutdownTimeout: 60000, moz:useNonSpecCompliantPointerOrigin: false, moz:webdriverClick: true, pageLoadStrategy: normal, platform: WINDOWS, platformName: WINDOWS, platformVersion: 10.0, rotatable: false, setWindowRect: true, strictFileInteractability: false, timeouts: {implicit: 0, pageLoad: 300000, script: 30000}, unhandledPromptBehavior: dismiss and notify}
Session ID: 404299b6-4a35-4a31-8a5a-6ad4e03e0275">
      <![CDATA[org.openqa.selenium.NoSuchWindowException: Browsing context has been discarded
Build info: version: '3.7.1', revision: '8a0099a', time: '2017-11-06T21:01:39.354Z'
System info: host: 'TO-NXGHGAA00163', ip: '192.168.181.2', os.name: 'Windows 10', os.arch: 'amd64', os.version: '10.0', java.version: '1.8.0_221'
Driver info: org.openqa.selenium.firefox.FirefoxDriver
Capabilities {acceptInsecureCerts: true, browserName: firefox, browserVersion: 78.0.2, javascriptEnabled: true, moz:accessibilityChecks: false, moz:buildID: 20200708170202, moz:geckodriverVersion: 0.24.0, moz:headless: false, moz:processID: 19296, moz:profile: C:\Users\amithp\AppData\Loc..., moz:shutdownTimeout: 60000, moz:useNonSpecCompliantPointerOrigin: false, moz:webdriverClick: true, pageLoadStrategy: normal, platform: WINDOWS, platformName: WINDOWS, platformVersion: 10.0, rotatable: false, setWindowRect: true, strictFileInteractability: false, timeouts: {implicit: 0, pageLoad: 300000, script: 30000}, unhandledPromptBehavior: dismiss and notify}
Session ID: 404299b6-4a35-4a31-8a5a-6ad4e03e0275
	at org.openqa.selenium.remote.http.W3CHttpResponseCodec.createException(W3CHttpResponseCodec.java:187)
	at org.openqa.selenium.remote.http.W3CHttpResponseCodec.decode(W3CHttpResponseCodec.java:122)
	at org.openqa.selenium.remote.http.W3CHttpResponseCodec.decode(W3CHttpResponseCodec.java:49)
	at org.openqa.selenium.remote.HttpCommandExecutor.execute(HttpCommandExecutor.java:164)
	at org.openqa.selenium.remote.service.DriverCommandExecutor.execute(DriverCommandExecutor.java:83)
	at org.openqa.selenium.remote.RemoteWebDriver.execute(RemoteWebDriver.java:600)
	at org.openqa.selenium.remote.RemoteWebDriver.execute(RemoteWebDriver.java:657)
	at org.openqa.selenium.remote.RemoteWebDriver.getScreenshotAs(RemoteWebDriver.java:342)
	at utility.Utils.captureScreenshot(Utils.java:942)
	at revampTestCase.SS_CartPage_Public_Verify_Footer_DownLoadApp_Followus.main(SS_CartPage_Public_Verify_Footer_DownLoadApp_Followus.java:137)
... Removed 29 stack frames]]>
    </failure>
  </testcase> <!-- main -->
  <testcase name="main" time="109.988" classname="revampTestCase.SS_CartPage_Public_Verify_Pincode_Navigation_From_PDP_To_CheckoutPage"/>
  <testcase name="main" time="127.317" classname="revampTestCase.SS_CartPage_Public_Verify_Pincode_PopulatedFrom_PDP_To_CartPage_And_ChangePincode"/>
  <testcase name="main" time="131.218" classname="revampTestCase.SS_CartPage_Public_Verify_StoreSelected_From_PDP_To_CheckoutPage">
    <failure type="java.io.IOException" message="Destination &amp;apos;C:\Users\amithpDownloads\DesktopRegressionSuite\DesktopRegressionSuite\Screens\Test Results\Run_28_07_2020_05_53_30\Fail\SS_CartPage_Public_Verify_StoreSelected_From_PDP_To_CheckoutPage_Failed.jpg&amp;apos; directory cannot be created">
      <![CDATA[java.io.IOException: Destination 'C:\Users\amithpDownloads\DesktopRegressionSuite\DesktopRegressionSuite\Screens\Test Results\Run_28_07_2020_05_53_30\Fail\SS_CartPage_Public_Verify_StoreSelected_From_PDP_To_CheckoutPage_Failed.jpg' directory cannot be created
	at org.apache.commons.io.FileUtils.copyFile(FileUtils.java:646)
	at org.apache.commons.io.FileUtils.copyFile(FileUtils.java:606)
	at utility.Utils.captureScreenshot(Utils.java:943)
	at revampTestCase.SS_CartPage_Public_Verify_StoreSelected_From_PDP_To_CheckoutPage.main(SS_CartPage_Public_Verify_StoreSelected_From_PDP_To_CheckoutPage.java:78)
... Removed 25 stack frames]]>
    </failure>
  </testcase> <!-- main -->
  <testcase name="main" time="125.55" classname="revampTestCase.SS_CartPage_Public_Verify_UpdateCart_GiftMessage_DeliveryPincode_RemoveCartItem_Functionality">
    <failure type="java.io.IOException" message="Destination &amp;apos;C:\Users\amithpDownloads\DesktopRegressionSuite\DesktopRegressionSuite\Screens\Test Results\Run_28_07_2020_05_53_30\Fail\SS_CartPage_Public_Verify_UpdateCart_GiftMessage_DeliveryPincode_RemoveCartItem_Functionality_Failed.jpg&amp;apos; directory cannot be created">
      <![CDATA[java.io.IOException: Destination 'C:\Users\amithpDownloads\DesktopRegressionSuite\DesktopRegressionSuite\Screens\Test Results\Run_28_07_2020_05_53_30\Fail\SS_CartPage_Public_Verify_UpdateCart_GiftMessage_DeliveryPincode_RemoveCartItem_Functionality_Failed.jpg' directory cannot be created
	at org.apache.commons.io.FileUtils.copyFile(FileUtils.java:646)
	at org.apache.commons.io.FileUtils.copyFile(FileUtils.java:606)
	at utility.Utils.captureScreenshot(Utils.java:943)
	at revampTestCase.SS_CartPage_Public_Verify_UpdateCart_GiftMessage_DeliveryPincode_RemoveCartItem_Functionality.main(SS_CartPage_Public_Verify_UpdateCart_GiftMessage_DeliveryPincode_RemoveCartItem_Functionality.java:109)
... Removed 25 stack frames]]>
    </failure>
  </testcase> <!-- main -->
  <testcase name="main" time="174.588" classname="revampTestCase.SS_CheckOut_AlreadyLoginUser_OrderUsingCod">
    <failure type="java.io.IOException" message="Destination &amp;apos;C:\Users\amithpDownloads\DesktopRegressionSuite\DesktopRegressionSuite\Screens\Test Results\Run_28_07_2020_05_53_30\Fail\SS_CheckOut_AlreadyLoginUser_OrderUsingCod_Failure.jpg&amp;apos; directory cannot be created">
      <![CDATA[java.io.IOException: Destination 'C:\Users\amithpDownloads\DesktopRegressionSuite\DesktopRegressionSuite\Screens\Test Results\Run_28_07_2020_05_53_30\Fail\SS_CheckOut_AlreadyLoginUser_OrderUsingCod_Failure.jpg' directory cannot be created
	at org.apache.commons.io.FileUtils.copyFile(FileUtils.java:646)
	at org.apache.commons.io.FileUtils.copyFile(FileUtils.java:606)
	at utility.Utils.captureScreenshot(Utils.java:943)
	at revampTestCase.SS_CheckOut_AlreadyLoginUser_OrderUsingCod.main(SS_CheckOut_AlreadyLoginUser_OrderUsingCod.java:106)
... Removed 25 stack frames]]>
    </failure>
  </testcase> <!-- main -->
  <testcase name="main" time="192.227" classname="revampTestCase.SS_CheckOut_AlreadyLoginUser_OrderUsingEGV">
    <failure type="java.io.IOException" message="Destination &amp;apos;C:\Users\amithpDownloads\DesktopRegressionSuite\DesktopRegressionSuite\Screens\Test Results\Run_28_07_2020_05_53_30\Fail\SS_CheckOut_AlreadyLoginUser_OrderUsingEGV_Failure.jpg&amp;apos; directory cannot be created">
      <![CDATA[java.io.IOException: Destination 'C:\Users\amithpDownloads\DesktopRegressionSuite\DesktopRegressionSuite\Screens\Test Results\Run_28_07_2020_05_53_30\Fail\SS_CheckOut_AlreadyLoginUser_OrderUsingEGV_Failure.jpg' directory cannot be created
	at org.apache.commons.io.FileUtils.copyFile(FileUtils.java:646)
	at org.apache.commons.io.FileUtils.copyFile(FileUtils.java:606)
	at utility.Utils.captureScreenshot(Utils.java:943)
	at revampTestCase.SS_CheckOut_AlreadyLoginUser_OrderUsingEGV.main(SS_CheckOut_AlreadyLoginUser_OrderUsingEGV.java:137)
... Removed 25 stack frames]]>
    </failure>
  </testcase> <!-- main -->
  <testcase name="main" time="179.135" classname="revampTestCase.SS_CheckOut_AlreadyLoginUser_OrderUsingNetBanking">
    <failure type="java.io.IOException" message="Destination &amp;apos;C:\Users\amithpDownloads\DesktopRegressionSuite\DesktopRegressionSuite\Screens\Test Results\Run_28_07_2020_05_53_30\Fail\SS_CheckOut_AlreadyLoginUser_OrderUsingNetBanking_Failure.jpg&amp;apos; directory cannot be created">
      <![CDATA[java.io.IOException: Destination 'C:\Users\amithpDownloads\DesktopRegressionSuite\DesktopRegressionSuite\Screens\Test Results\Run_28_07_2020_05_53_30\Fail\SS_CheckOut_AlreadyLoginUser_OrderUsingNetBanking_Failure.jpg' directory cannot be created
	at org.apache.commons.io.FileUtils.copyFile(FileUtils.java:646)
	at org.apache.commons.io.FileUtils.copyFile(FileUtils.java:606)
	at utility.Utils.captureScreenshot(Utils.java:943)
	at revampTestCase.SS_CheckOut_AlreadyLoginUser_OrderUsingNetBanking.main(SS_CheckOut_AlreadyLoginUser_OrderUsingNetBanking.java:142)
... Removed 25 stack frames]]>
    </failure>
  </testcase> <!-- main -->
  <testcase name="main" time="300.634" classname="revampTestCase.SS_Checkout_Private_Add_New_Address_To_Navigate_Till_Payment_Page">
    <failure type="java.io.IOException" message="Destination &amp;apos;C:\Users\amithpDownloads\DesktopRegressionSuite\DesktopRegressionSuite\Screens\Test Results\Run_28_07_2020_05_53_30\Fail\SS_Checkout_Private_Add_New_Address_To_Navigate_Till_Payment_Page_Failed.jpg&amp;apos; directory cannot be created">
      <![CDATA[java.io.IOException: Destination 'C:\Users\amithpDownloads\DesktopRegressionSuite\DesktopRegressionSuite\Screens\Test Results\Run_28_07_2020_05_53_30\Fail\SS_Checkout_Private_Add_New_Address_To_Navigate_Till_Payment_Page_Failed.jpg' directory cannot be created
	at org.apache.commons.io.FileUtils.copyFile(FileUtils.java:646)
	at org.apache.commons.io.FileUtils.copyFile(FileUtils.java:606)
	at utility.Utils.captureScreenshot(Utils.java:943)
	at revampTestCase.SS_Checkout_Private_Add_New_Address_To_Navigate_Till_Payment_Page.main(SS_Checkout_Private_Add_New_Address_To_Navigate_Till_Payment_Page.java:122)
... Removed 25 stack frames]]>
    </failure>
  </testcase> <!-- main -->
  <testcase name="main" time="178.019" classname="revampTestCase.SS_Checkout_Private_Coupon_Code_Functionality">
    <failure type="java.io.IOException" message="Destination &amp;apos;C:\Users\amithpDownloads\DesktopRegressionSuite\DesktopRegressionSuite\Screens\Test Results\Run_28_07_2020_05_53_30\Fail\SS_Checkout_Private_Coupon_Code_Functionality_Failed.jpg&amp;apos; directory cannot be created">
      <![CDATA[java.io.IOException: Destination 'C:\Users\amithpDownloads\DesktopRegressionSuite\DesktopRegressionSuite\Screens\Test Results\Run_28_07_2020_05_53_30\Fail\SS_Checkout_Private_Coupon_Code_Functionality_Failed.jpg' directory cannot be created
	at org.apache.commons.io.FileUtils.copyFile(FileUtils.java:646)
	at org.apache.commons.io.FileUtils.copyFile(FileUtils.java:606)
	at utility.Utils.captureScreenshot(Utils.java:943)
	at revampTestCase.SS_Checkout_Private_Coupon_Code_Functionality.main(SS_Checkout_Private_Coupon_Code_Functionality.java:112)
... Removed 25 stack frames]]>
    </failure>
  </testcase> <!-- main -->
  <testcase name="main" time="128.978" classname="revampTestCase.SS_Checkout_Private_LoginAt_Checkout_To_Navigate_To_Payment_Page">
    <failure type="java.io.IOException" message="Destination &amp;apos;C:\Users\amithpDownloads\DesktopRegressionSuite\DesktopRegressionSuite\Screens\Test Results\Run_28_07_2020_05_53_30\Fail\SS_Checkout_Private_LoginAt_Checkout_To_Navigate_To_Payment_Page_Failed.jpg&amp;apos; directory cannot be created">
      <![CDATA[java.io.IOException: Destination 'C:\Users\amithpDownloads\DesktopRegressionSuite\DesktopRegressionSuite\Screens\Test Results\Run_28_07_2020_05_53_30\Fail\SS_Checkout_Private_LoginAt_Checkout_To_Navigate_To_Payment_Page_Failed.jpg' directory cannot be created
	at org.apache.commons.io.FileUtils.copyFile(FileUtils.java:646)
	at org.apache.commons.io.FileUtils.copyFile(FileUtils.java:606)
	at utility.Utils.captureScreenshot(Utils.java:943)
	at revampTestCase.SS_Checkout_Private_LoginAt_Checkout_To_Navigate_To_Payment_Page.main(SS_Checkout_Private_LoginAt_Checkout_To_Navigate_To_Payment_Page.java:109)
... Removed 25 stack frames]]>
    </failure>
  </testcase> <!-- main -->
  <testcase name="main" time="464.066" classname="revampTestCase.SS_Checkout_Private_PickupStore_OrderUsingEGV">
    <failure type="java.io.IOException" message="Destination &amp;apos;C:\Users\amithpDownloads\DesktopRegressionSuite\DesktopRegressionSuite\Screens\Test Results\Run_28_07_2020_05_53_30\Fail\SS_Checkout_Private_PickupStore_OrderUsingEGV_Failed.jpg&amp;apos; directory cannot be created">
      <![CDATA[java.io.IOException: Destination 'C:\Users\amithpDownloads\DesktopRegressionSuite\DesktopRegressionSuite\Screens\Test Results\Run_28_07_2020_05_53_30\Fail\SS_Checkout_Private_PickupStore_OrderUsingEGV_Failed.jpg' directory cannot be created
	at org.apache.commons.io.FileUtils.copyFile(FileUtils.java:646)
	at org.apache.commons.io.FileUtils.copyFile(FileUtils.java:606)
	at utility.Utils.captureScreenshot(Utils.java:943)
	at revampTestCase.SS_Checkout_Private_PickupStore_OrderUsingEGV.main(SS_Checkout_Private_PickupStore_OrderUsingEGV.java:89)
... Removed 25 stack frames]]>
    </failure>
  </testcase> <!-- main -->
  <testcase name="main" time="184.768" classname="revampTestCase.SS_Checkout_Private_Verify_Credit_Card_Scenario">
    <failure type="java.io.IOException" message="Destination &amp;apos;C:\Users\amithpDownloads\DesktopRegressionSuite\DesktopRegressionSuite\Screens\Test Results\Run_28_07_2020_05_53_30\Fail\SS_Checkout_Private_Verify_Credit_Card_Scenario_Failure.jpg&amp;apos; directory cannot be created">
      <![CDATA[java.io.IOException: Destination 'C:\Users\amithpDownloads\DesktopRegressionSuite\DesktopRegressionSuite\Screens\Test Results\Run_28_07_2020_05_53_30\Fail\SS_Checkout_Private_Verify_Credit_Card_Scenario_Failure.jpg' directory cannot be created
	at org.apache.commons.io.FileUtils.copyFile(FileUtils.java:646)
	at org.apache.commons.io.FileUtils.copyFile(FileUtils.java:606)
	at utility.Utils.captureScreenshot(Utils.java:943)
	at revampTestCase.SS_Checkout_Private_Verify_Credit_Card_Scenario.main(SS_Checkout_Private_Verify_Credit_Card_Scenario.java:124)
... Removed 25 stack frames]]>
    </failure>
  </testcase> <!-- main -->
  <testcase name="main" time="302.101" classname="revampTestCase.SS_Checkout_Private_Verify_Debit_Card_Scenario">
    <failure type="java.io.IOException" message="Destination &amp;apos;C:\Users\amithpDownloads\DesktopRegressionSuite\DesktopRegressionSuite\Screens\Test Results\Run_28_07_2020_05_53_30\Fail\SS_Checkout_Private_Verify_Debit_Card_Scenario_Failure.jpg&amp;apos; directory cannot be created">
      <![CDATA[java.io.IOException: Destination 'C:\Users\amithpDownloads\DesktopRegressionSuite\DesktopRegressionSuite\Screens\Test Results\Run_28_07_2020_05_53_30\Fail\SS_Checkout_Private_Verify_Debit_Card_Scenario_Failure.jpg' directory cannot be created
	at org.apache.commons.io.FileUtils.copyFile(FileUtils.java:646)
	at org.apache.commons.io.FileUtils.copyFile(FileUtils.java:606)
	at utility.Utils.captureScreenshot(Utils.java:943)
	at revampTestCase.SS_Checkout_Private_Verify_Debit_Card_Scenario.main(SS_Checkout_Private_Verify_Debit_Card_Scenario.java:122)
... Removed 25 stack frames]]>
    </failure>
  </testcase> <!-- main -->
  <testcase name="main" time="90.006" classname="revampTestCase.SS_CheckOut_Private_Verify_EGV_Functionality">
    <failure type="java.io.IOException" message="Destination &amp;apos;C:\Users\amithpDownloads\DesktopRegressionSuite\DesktopRegressionSuite\Screens\Test Results\Run_28_07_2020_05_53_30\Fail\SS_CheckOut_Private_Verify_EGV_Functionality_Failure.jpg&amp;apos; directory cannot be created">
      <![CDATA[java.io.IOException: Destination 'C:\Users\amithpDownloads\DesktopRegressionSuite\DesktopRegressionSuite\Screens\Test Results\Run_28_07_2020_05_53_30\Fail\SS_CheckOut_Private_Verify_EGV_Functionality_Failure.jpg' directory cannot be created
	at org.apache.commons.io.FileUtils.copyFile(FileUtils.java:646)
	at org.apache.commons.io.FileUtils.copyFile(FileUtils.java:606)
	at utility.Utils.captureScreenshot(Utils.java:943)
	at revampTestCase.SS_CheckOut_Private_Verify_EGV_Functionality.main(SS_CheckOut_Private_Verify_EGV_Functionality.java:135)
... Removed 25 stack frames]]>
    </failure>
  </testcase> <!-- main -->
  <testcase name="main" time="156.746" classname="revampTestCase.SS_CheckOut_Private_Verify_GiftCard_Functionality">
    <failure type="java.io.IOException" message="Destination &amp;apos;C:\Users\amithpDownloads\DesktopRegressionSuite\DesktopRegressionSuite\Screens\Test Results\Run_28_07_2020_05_53_30\Fail\SS_CheckOut_Private_Verify_GiftCard_Functionality_Failure.jpg&amp;apos; directory cannot be created">
      <![CDATA[java.io.IOException: Destination 'C:\Users\amithpDownloads\DesktopRegressionSuite\DesktopRegressionSuite\Screens\Test Results\Run_28_07_2020_05_53_30\Fail\SS_CheckOut_Private_Verify_GiftCard_Functionality_Failure.jpg' directory cannot be created
	at org.apache.commons.io.FileUtils.copyFile(FileUtils.java:646)
	at org.apache.commons.io.FileUtils.copyFile(FileUtils.java:606)
	at utility.Utils.captureScreenshot(Utils.java:943)
	at revampTestCase.SS_CheckOut_Private_Verify_GiftCard_Functionality.main(SS_CheckOut_Private_Verify_GiftCard_Functionality.java:122)
... Removed 25 stack frames]]>
    </failure>
  </testcase> <!-- main -->
  <testcase name="main" time="360.732" classname="revampTestCase.SS_Checkout_Private_Verify_Happy_Path_CheckOut">
    <failure type="java.io.IOException" message="Destination &amp;apos;C:\Users\amithpDownloads\DesktopRegressionSuite\DesktopRegressionSuite\Screens\Test Results\Run_28_07_2020_05_53_30\Fail\SS_Checkout_Private_Verify_Happy_Path_CheckOut_Failed.jpg&amp;apos; directory cannot be created">
      <![CDATA[java.io.IOException: Destination 'C:\Users\amithpDownloads\DesktopRegressionSuite\DesktopRegressionSuite\Screens\Test Results\Run_28_07_2020_05_53_30\Fail\SS_Checkout_Private_Verify_Happy_Path_CheckOut_Failed.jpg' directory cannot be created
	at org.apache.commons.io.FileUtils.copyFile(FileUtils.java:646)
	at org.apache.commons.io.FileUtils.copyFile(FileUtils.java:606)
	at utility.Utils.captureScreenshot(Utils.java:943)
	at revampTestCase.SS_Checkout_Private_Verify_Happy_Path_CheckOut.main(SS_Checkout_Private_Verify_Happy_Path_CheckOut.java:133)
... Removed 25 stack frames]]>
    </failure>
  </testcase> <!-- main -->
  <testcase name="main" time="174.278" classname="revampTestCase.SS_CheckOut_Private_Verify_NetBanking_Functionality">
    <failure type="java.io.IOException" message="Destination &amp;apos;C:\Users\amithpDownloads\DesktopRegressionSuite\DesktopRegressionSuite\Screens\Test Results\Run_28_07_2020_05_53_30\Fail\SS_CheckOut_Private_Verify_NetBanking_Functionality_Failure.jpg&amp;apos; directory cannot be created">
      <![CDATA[java.io.IOException: Destination 'C:\Users\amithpDownloads\DesktopRegressionSuite\DesktopRegressionSuite\Screens\Test Results\Run_28_07_2020_05_53_30\Fail\SS_CheckOut_Private_Verify_NetBanking_Functionality_Failure.jpg' directory cannot be created
	at org.apache.commons.io.FileUtils.copyFile(FileUtils.java:646)
	at org.apache.commons.io.FileUtils.copyFile(FileUtils.java:606)
	at utility.Utils.captureScreenshot(Utils.java:943)
	at revampTestCase.SS_CheckOut_Private_Verify_NetBanking_Functionality.main(SS_CheckOut_Private_Verify_NetBanking_Functionality.java:133)
... Removed 25 stack frames]]>
    </failure>
  </testcase> <!-- main -->
  <testcase name="main" time="0.131" classname="revampTestCase.SS_CheckOut_Private_Verify_Signout_Flow_And_Logo">
    <failure type="org.openqa.selenium.NoSuchSessionException" message="Tried to run command without establishing a connection
Build info: version: &amp;apos;3.7.1&amp;apos;, revision: &amp;apos;8a0099a&amp;apos;, time: &amp;apos;2017-11-06T21:01:39.354Z&amp;apos;
System info: host: &amp;apos;TO-NXGHGAA00163&amp;apos;, ip: &amp;apos;192.168.181.2&amp;apos;, os.name: &amp;apos;Windows 10&amp;apos;, os.arch: &amp;apos;amd64&amp;apos;, os.version: &amp;apos;10.0&amp;apos;, java.version: &amp;apos;1.8.0_221&amp;apos;
Driver info: org.openqa.selenium.firefox.FirefoxDriver
Capabilities {acceptInsecureCerts: true, browserName: firefox, browserVersion: 78.0.2, javascriptEnabled: true, moz:accessibilityChecks: false, moz:buildID: 20200708170202, moz:geckodriverVersion: 0.24.0, moz:headless: false, moz:processID: 7640, moz:profile: C:\Users\amithp\AppData\Loc..., moz:shutdownTimeout: 60000, moz:useNonSpecCompliantPointerOrigin: false, moz:webdriverClick: true, pageLoadStrategy: normal, platform: WINDOWS, platformName: WINDOWS, platformVersion: 10.0, rotatable: false, setWindowRect: true, strictFileInteractability: false, timeouts: {implicit: 0, pageLoad: 300000, script: 30000}, unhandledPromptBehavior: dismiss and notify}
Session ID: ea673d75-5b37-4d19-bd54-4ee425bdb4cb">
      <![CDATA[org.openqa.selenium.NoSuchSessionException: Tried to run command without establishing a connection
Build info: version: '3.7.1', revision: '8a0099a', time: '2017-11-06T21:01:39.354Z'
System info: host: 'TO-NXGHGAA00163', ip: '192.168.181.2', os.name: 'Windows 10', os.arch: 'amd64', os.version: '10.0', java.version: '1.8.0_221'
Driver info: org.openqa.selenium.firefox.FirefoxDriver
Capabilities {acceptInsecureCerts: true, browserName: firefox, browserVersion: 78.0.2, javascriptEnabled: true, moz:accessibilityChecks: false, moz:buildID: 20200708170202, moz:geckodriverVersion: 0.24.0, moz:headless: false, moz:processID: 7640, moz:profile: C:\Users\amithp\AppData\Loc..., moz:shutdownTimeout: 60000, moz:useNonSpecCompliantPointerOrigin: false, moz:webdriverClick: true, pageLoadStrategy: normal, platform: WINDOWS, platformName: WINDOWS, platformVersion: 10.0, rotatable: false, setWindowRect: true, strictFileInteractability: false, timeouts: {implicit: 0, pageLoad: 300000, script: 30000}, unhandledPromptBehavior: dismiss and notify}
Session ID: ea673d75-5b37-4d19-bd54-4ee425bdb4cb
	at org.openqa.selenium.remote.http.W3CHttpResponseCodec.createException(W3CHttpResponseCodec.java:187)
	at org.openqa.selenium.remote.http.W3CHttpResponseCodec.decode(W3CHttpResponseCodec.java:122)
	at org.openqa.selenium.remote.http.W3CHttpResponseCodec.decode(W3CHttpResponseCodec.java:49)
	at org.openqa.selenium.remote.HttpCommandExecutor.execute(HttpCommandExecutor.java:164)
	at org.openqa.selenium.remote.service.DriverCommandExecutor.execute(DriverCommandExecutor.java:83)
	at org.openqa.selenium.remote.RemoteWebDriver.execute(RemoteWebDriver.java:600)
	at org.openqa.selenium.remote.RemoteWebDriver.execute(RemoteWebDriver.java:657)
	at org.openqa.selenium.remote.RemoteWebDriver.getScreenshotAs(RemoteWebDriver.java:342)
	at utility.Utils.captureScreenshot(Utils.java:942)
	at revampTestCase.SS_CheckOut_Private_Verify_Signout_Flow_And_Logo.main(SS_CheckOut_Private_Verify_Signout_Flow_And_Logo.java:56)
... Removed 29 stack frames]]>
    </failure>
  </testcase> <!-- main -->
  <testcase name="main" time="159.14" classname="revampTestCase.SS_CheckOut_Private_Verify_Wallets_Functionality">
    <failure type="java.io.IOException" message="Destination &amp;apos;C:\Users\amithpDownloads\DesktopRegressionSuite\DesktopRegressionSuite\Screens\Test Results\Run_28_07_2020_05_53_30\Fail\SS_CheckOut_Private_Verify_Wallets_Functionality_Failure.jpg&amp;apos; directory cannot be created">
      <![CDATA[java.io.IOException: Destination 'C:\Users\amithpDownloads\DesktopRegressionSuite\DesktopRegressionSuite\Screens\Test Results\Run_28_07_2020_05_53_30\Fail\SS_CheckOut_Private_Verify_Wallets_Functionality_Failure.jpg' directory cannot be created
	at org.apache.commons.io.FileUtils.copyFile(FileUtils.java:646)
	at org.apache.commons.io.FileUtils.copyFile(FileUtils.java:606)
	at utility.Utils.captureScreenshot(Utils.java:943)
	at revampTestCase.SS_CheckOut_Private_Verify_Wallets_Functionality.main(SS_CheckOut_Private_Verify_Wallets_Functionality.java:134)
... Removed 25 stack frames]]>
    </failure>
  </testcase> <!-- main -->
  <testcase name="main" time="90.869" classname="revampTestCase.SS_Checkout_Public_Verify_All_Payment_Options_And_Its_Attributes">
    <failure type="java.io.IOException" message="Destination &amp;apos;C:\Users\amithpDownloads\DesktopRegressionSuite\DesktopRegressionSuite\Screens\Test Results\Run_28_07_2020_05_53_30\Fail\SS_Checkout_Public_Verify_All_Payment_Options_And_Its_Attributes_Failed.jpg&amp;apos; directory cannot be created">
      <![CDATA[java.io.IOException: Destination 'C:\Users\amithpDownloads\DesktopRegressionSuite\DesktopRegressionSuite\Screens\Test Results\Run_28_07_2020_05_53_30\Fail\SS_Checkout_Public_Verify_All_Payment_Options_And_Its_Attributes_Failed.jpg' directory cannot be created
	at org.apache.commons.io.FileUtils.copyFile(FileUtils.java:646)
	at org.apache.commons.io.FileUtils.copyFile(FileUtils.java:606)
	at utility.Utils.captureScreenshot(Utils.java:943)
	at revampTestCase.SS_Checkout_Public_Verify_All_Payment_Options_And_Its_Attributes.main(SS_Checkout_Public_Verify_All_Payment_Options_And_Its_Attributes.java:121)
... Removed 25 stack frames]]>
    </failure>
  </testcase> <!-- main -->
  <testcase name="main" time="91.416" classname="revampTestCase.SS_Checkout_Public_Verify_Credit_Card_Scenario"/>
  <testcase name="main" time="97.112" classname="revampTestCase.SS_Checkout_Public_Verify_Debit_Card_Scenario">
    <failure type="java.io.IOException" message="Destination &amp;apos;C:\Users\amithpDownloads\DesktopRegressionSuite\DesktopRegressionSuite\Screens\Test Results\Run_28_07_2020_05_53_30\Fail\SS_Checkout_Public_Verify_Debit_Card_Scenario_Failure.jpg&amp;apos; directory cannot be created">
      <![CDATA[java.io.IOException: Destination 'C:\Users\amithpDownloads\DesktopRegressionSuite\DesktopRegressionSuite\Screens\Test Results\Run_28_07_2020_05_53_30\Fail\SS_Checkout_Public_Verify_Debit_Card_Scenario_Failure.jpg' directory cannot be created
	at org.apache.commons.io.FileUtils.copyFile(FileUtils.java:646)
	at org.apache.commons.io.FileUtils.copyFile(FileUtils.java:606)
	at utility.Utils.captureScreenshot(Utils.java:943)
	at revampTestCase.SS_Checkout_Public_Verify_Debit_Card_Scenario.main(SS_Checkout_Public_Verify_Debit_Card_Scenario.java:129)
... Removed 25 stack frames]]>
    </failure>
  </testcase> <!-- main -->
  <testcase name="main" time="46.778" classname="revampTestCase.SS_Checkout_Public_Verify_Direct_Checkout_From_MiniCart">
    <failure type="java.io.IOException" message="Destination &amp;apos;C:\Users\amithpDownloads\DesktopRegressionSuite\DesktopRegressionSuite\Screens\Test Results\Run_28_07_2020_05_53_30\Fail\SS_Checkout_Public_Verify_Direct_Checkout_From_MiniCart_Failed.jpg&amp;apos; directory cannot be created">
      <![CDATA[java.io.IOException: Destination 'C:\Users\amithpDownloads\DesktopRegressionSuite\DesktopRegressionSuite\Screens\Test Results\Run_28_07_2020_05_53_30\Fail\SS_Checkout_Public_Verify_Direct_Checkout_From_MiniCart_Failed.jpg' directory cannot be created
	at org.apache.commons.io.FileUtils.copyFile(FileUtils.java:646)
	at org.apache.commons.io.FileUtils.copyFile(FileUtils.java:606)
	at utility.Utils.captureScreenshot(Utils.java:943)
	at revampTestCase.SS_Checkout_Public_Verify_Direct_Checkout_From_MiniCart.main(SS_Checkout_Public_Verify_Direct_Checkout_From_MiniCart.java:122)
... Removed 25 stack frames]]>
    </failure>
  </testcase> <!-- main -->
  <testcase name="main" time="112.492" classname="revampTestCase.SS_CheckOut_Public_Verify_EGV_Functionality">
    <failure type="java.io.IOException" message="Destination &amp;apos;C:\Users\amithpDownloads\DesktopRegressionSuite\DesktopRegressionSuite\Screens\Test Results\Run_28_07_2020_05_53_30\Fail\SS_CheckOut_Public_Verify_EGV_Functionality_Failure.jpg&amp;apos; directory cannot be created">
      <![CDATA[java.io.IOException: Destination 'C:\Users\amithpDownloads\DesktopRegressionSuite\DesktopRegressionSuite\Screens\Test Results\Run_28_07_2020_05_53_30\Fail\SS_CheckOut_Public_Verify_EGV_Functionality_Failure.jpg' directory cannot be created
	at org.apache.commons.io.FileUtils.copyFile(FileUtils.java:646)
	at org.apache.commons.io.FileUtils.copyFile(FileUtils.java:606)
	at utility.Utils.captureScreenshot(Utils.java:943)
	at revampTestCase.SS_CheckOut_Public_Verify_EGV_Functionality.main(SS_CheckOut_Public_Verify_EGV_Functionality.java:130)
... Removed 25 stack frames]]>
    </failure>
  </testcase> <!-- main -->
  <testcase name="main" time="189.86" classname="revampTestCase.SS_Checkout_Public_Verify_Error_Message_For_Empty_Delivery_Address">
    <failure type="java.io.IOException" message="Destination &amp;apos;C:\Users\amithpDownloads\DesktopRegressionSuite\DesktopRegressionSuite\Screens\Test Results\Run_28_07_2020_05_53_30\Fail\SS_Checkout_Public_Verify_Error_Message_For_Empty_Delivery_Address_Failed.jpg&amp;apos; directory cannot be created">
      <![CDATA[java.io.IOException: Destination 'C:\Users\amithpDownloads\DesktopRegressionSuite\DesktopRegressionSuite\Screens\Test Results\Run_28_07_2020_05_53_30\Fail\SS_Checkout_Public_Verify_Error_Message_For_Empty_Delivery_Address_Failed.jpg' directory cannot be created
	at org.apache.commons.io.FileUtils.copyFile(FileUtils.java:646)
	at org.apache.commons.io.FileUtils.copyFile(FileUtils.java:606)
	at utility.Utils.captureScreenshot(Utils.java:943)
	at revampTestCase.SS_Checkout_Public_Verify_Error_Message_For_Empty_Delivery_Address.main(SS_Checkout_Public_Verify_Error_Message_For_Empty_Delivery_Address.java:125)
... Removed 25 stack frames]]>
    </failure>
  </testcase> <!-- main -->
  <testcase name="main" time="95.292" classname="revampTestCase.SS_CheckOut_Public_Verify_GiftCard_Functionality">
    <failure type="java.io.IOException" message="Destination &amp;apos;C:\Users\amithpDownloads\DesktopRegressionSuite\DesktopRegressionSuite\Screens\Test Results\Run_28_07_2020_05_53_30\Fail\SS_CheckOut_Public_Verify_GiftCard_Functionality_Failure.jpg&amp;apos; directory cannot be created">
      <![CDATA[java.io.IOException: Destination 'C:\Users\amithpDownloads\DesktopRegressionSuite\DesktopRegressionSuite\Screens\Test Results\Run_28_07_2020_05_53_30\Fail\SS_CheckOut_Public_Verify_GiftCard_Functionality_Failure.jpg' directory cannot be created
	at org.apache.commons.io.FileUtils.copyFile(FileUtils.java:646)
	at org.apache.commons.io.FileUtils.copyFile(FileUtils.java:606)
	at utility.Utils.captureScreenshot(Utils.java:943)
	at revampTestCase.SS_CheckOut_Public_Verify_GiftCard_Functionality.main(SS_CheckOut_Public_Verify_GiftCard_Functionality.java:111)
... Removed 25 stack frames]]>
    </failure>
  </testcase> <!-- main -->
  <testcase name="main" time="112.474" classname="revampTestCase.SS_Checkout_Public_Verify_Happy_Path_CheckOut">
    <failure type="java.io.IOException" message="Destination &amp;apos;C:\Users\amithpDownloads\DesktopRegressionSuite\DesktopRegressionSuite\Screens\Test Results\Run_28_07_2020_05_53_30\Fail\SS_Checkout_Public_Verify_Happy_Path_CheckOut_Failed.jpg&amp;apos; directory cannot be created">
      <![CDATA[java.io.IOException: Destination 'C:\Users\amithpDownloads\DesktopRegressionSuite\DesktopRegressionSuite\Screens\Test Results\Run_28_07_2020_05_53_30\Fail\SS_Checkout_Public_Verify_Happy_Path_CheckOut_Failed.jpg' directory cannot be created
	at org.apache.commons.io.FileUtils.copyFile(FileUtils.java:646)
	at org.apache.commons.io.FileUtils.copyFile(FileUtils.java:606)
	at utility.Utils.captureScreenshot(Utils.java:943)
	at revampTestCase.SS_Checkout_Public_Verify_Happy_Path_CheckOut.main(SS_Checkout_Public_Verify_Happy_Path_CheckOut.java:131)
... Removed 25 stack frames]]>
    </failure>
  </testcase> <!-- main -->
  <testcase name="main" time="110.099" classname="revampTestCase.SS_CheckOut_Public_Verify_NetBanking_Functionality"/>
  <testcase name="main" time="97.289" classname="revampTestCase.SS_checkout_public_verify_order_using_cod_Without_OTP">
    <failure type="java.io.IOException" message="Destination &amp;apos;C:\Users\amithpDownloads\DesktopRegressionSuite\DesktopRegressionSuite\Screens\Test Results\Run_28_07_2020_05_53_30\Fail\SS_checkout_public_verify_order_using_cod_Without_OTP_Failure.jpg&amp;apos; directory cannot be created">
      <![CDATA[java.io.IOException: Destination 'C:\Users\amithpDownloads\DesktopRegressionSuite\DesktopRegressionSuite\Screens\Test Results\Run_28_07_2020_05_53_30\Fail\SS_checkout_public_verify_order_using_cod_Without_OTP_Failure.jpg' directory cannot be created
	at org.apache.commons.io.FileUtils.copyFile(FileUtils.java:646)
	at org.apache.commons.io.FileUtils.copyFile(FileUtils.java:606)
	at utility.Utils.captureScreenshot(Utils.java:943)
	at revampTestCase.SS_checkout_public_verify_order_using_cod_Without_OTP.main(SS_checkout_public_verify_order_using_cod_Without_OTP.java:90)
... Removed 25 stack frames]]>
    </failure>
  </testcase> <!-- main -->
  <testcase name="main" time="117.996" classname="revampTestCase.SS_Checkout_Public_Verify_StorePickup_HappyPath_CheckOut"/>
  <testcase name="main" time="100.406" classname="revampTestCase.SS_CheckOut_Public_Verify_Wallets_Functionality"/>
  <testcase name="main" time="83.744" classname="revampTestCase.SS_CheckOut_RegisterAtCheckout_And_Validate_Default_Address_Addition"/>
  <testcase name="main" time="28.309" classname="revampTestCase.SS_FCC_Private_Verify_AddToBagFCC_GuestUser">
    <failure type="java.io.IOException" message="Destination &amp;apos;C:\Users\amithpDownloads\DesktopRegressionSuite\DesktopRegressionSuite\Screens\Test Results\Run_28_07_2020_05_53_30\Fail\SS_FCC_Private_Verify_AddToBagFCC_GuestUser_Failed.jpg&amp;apos; directory cannot be created">
      <![CDATA[java.io.IOException: Destination 'C:\Users\amithpDownloads\DesktopRegressionSuite\DesktopRegressionSuite\Screens\Test Results\Run_28_07_2020_05_53_30\Fail\SS_FCC_Private_Verify_AddToBagFCC_GuestUser_Failed.jpg' directory cannot be created
	at org.apache.commons.io.FileUtils.copyFile(FileUtils.java:646)
	at org.apache.commons.io.FileUtils.copyFile(FileUtils.java:606)
	at utility.Utils.captureScreenshot(Utils.java:943)
	at revampTestCase.SS_FCC_Private_Verify_AddToBagFCC_GuestUser.main(SS_FCC_Private_Verify_AddToBagFCC_GuestUser.java:144)
... Removed 25 stack frames]]>
    </failure>
  </testcase> <!-- main -->
  <testcase name="discover" time="172.789" classname="revampTestCase.SS_FCC_Private_Verify_AddToBagFCC_Via_Header">
    <failure type="java.io.IOException" message="Destination &amp;apos;C:\Users\amithpDownloads\DesktopRegressionSuite\DesktopRegressionSuite\Screens\Test Results\Run_28_07_2020_05_53_30\Fail\SS_FCC_Private_Verify_AddToBagFCC_Via_Header_Failed.jpg&amp;apos; directory cannot be created">
      <![CDATA[java.io.IOException: Destination 'C:\Users\amithpDownloads\DesktopRegressionSuite\DesktopRegressionSuite\Screens\Test Results\Run_28_07_2020_05_53_30\Fail\SS_FCC_Private_Verify_AddToBagFCC_Via_Header_Failed.jpg' directory cannot be created
	at org.apache.commons.io.FileUtils.copyFile(FileUtils.java:646)
	at org.apache.commons.io.FileUtils.copyFile(FileUtils.java:606)
	at utility.Utils.captureScreenshot(Utils.java:943)
	at revampTestCase.SS_FCC_Private_Verify_AddToBagFCC_Via_Header.discover(SS_FCC_Private_Verify_AddToBagFCC_Via_Header.java:102)
... Removed 25 stack frames]]>
    </failure>
  </testcase> <!-- discover -->
  <testcase name="main" time="60.406" classname="revampTestCase.SS_FCC_Private_Verify_AddToBagFCC_ViaFooter">
    <failure type="java.io.IOException" message="Destination &amp;apos;C:\Users\amithpDownloads\DesktopRegressionSuite\DesktopRegressionSuite\Screens\Test Results\Run_28_07_2020_05_53_30\Fail\SS_FCC_Private_Verify_AddToBagFCC_ViaFooter_Failed.jpg&amp;apos; directory cannot be created">
      <![CDATA[java.io.IOException: Destination 'C:\Users\amithpDownloads\DesktopRegressionSuite\DesktopRegressionSuite\Screens\Test Results\Run_28_07_2020_05_53_30\Fail\SS_FCC_Private_Verify_AddToBagFCC_ViaFooter_Failed.jpg' directory cannot be created
	at org.apache.commons.io.FileUtils.copyFile(FileUtils.java:646)
	at org.apache.commons.io.FileUtils.copyFile(FileUtils.java:606)
	at utility.Utils.captureScreenshot(Utils.java:943)
	at revampTestCase.SS_FCC_Private_Verify_AddToBagFCC_ViaFooter.main(SS_FCC_Private_Verify_AddToBagFCC_ViaFooter.java:138)
... Removed 25 stack frames]]>
    </failure>
  </testcase> <!-- main -->
  <testcase name="main" time="556.3" classname="revampTestCase.SS_FCC_Private_Verify_AddToBagFCC_ViaMyAccountsPage">
    <failure type="java.io.IOException" message="Destination &amp;apos;C:\Users\amithpDownloads\DesktopRegressionSuite\DesktopRegressionSuite\Screens\Test Results\Run_28_07_2020_05_53_30\Fail\SS_FCC_Private_Verify_AddToBagFCC_ViaMyAccountsPage_Failed.jpg&amp;apos; directory cannot be created">
      <![CDATA[java.io.IOException: Destination 'C:\Users\amithpDownloads\DesktopRegressionSuite\DesktopRegressionSuite\Screens\Test Results\Run_28_07_2020_05_53_30\Fail\SS_FCC_Private_Verify_AddToBagFCC_ViaMyAccountsPage_Failed.jpg' directory cannot be created
	at org.apache.commons.io.FileUtils.copyFile(FileUtils.java:646)
	at org.apache.commons.io.FileUtils.copyFile(FileUtils.java:606)
	at utility.Utils.captureScreenshot(Utils.java:943)
	at revampTestCase.SS_FCC_Private_Verify_AddToBagFCC_ViaMyAccountsPage.main(SS_FCC_Private_Verify_AddToBagFCC_ViaMyAccountsPage.java:136)
... Removed 25 stack frames]]>
    </failure>
  </testcase> <!-- main -->
  <testcase name="main" time="22.832" classname="revampTestCase.SS_FCC_Private_Verify_QuickBuyFCC_GuestUser">
    <failure type="java.io.IOException" message="Destination &amp;apos;C:\Users\amithpDownloads\DesktopRegressionSuite\DesktopRegressionSuite\Screens\Test Results\Run_28_07_2020_05_53_30\Fail\SS_FCC_Private_Verify_QuickBuyFCC_GuestUser_Failed.jpg&amp;apos; directory cannot be created">
      <![CDATA[java.io.IOException: Destination 'C:\Users\amithpDownloads\DesktopRegressionSuite\DesktopRegressionSuite\Screens\Test Results\Run_28_07_2020_05_53_30\Fail\SS_FCC_Private_Verify_QuickBuyFCC_GuestUser_Failed.jpg' directory cannot be created
	at org.apache.commons.io.FileUtils.copyFile(FileUtils.java:646)
	at org.apache.commons.io.FileUtils.copyFile(FileUtils.java:606)
	at utility.Utils.captureScreenshot(Utils.java:943)
	at revampTestCase.SS_FCC_Private_Verify_QuickBuyFCC_GuestUser.main(SS_FCC_Private_Verify_QuickBuyFCC_GuestUser.java:123)
... Removed 25 stack frames]]>
    </failure>
  </testcase> <!-- main -->
  <testcase name="main" time="52.494" classname="revampTestCase.SS_FCC_Private_Verify_QuickBuyFCC_ViaFooter">
    <failure type="java.io.IOException" message="Destination &amp;apos;C:\Users\amithpDownloads\DesktopRegressionSuite\DesktopRegressionSuite\Screens\Test Results\Run_28_07_2020_05_53_30\Fail\SS_FCC_Private_Verify_QuickBuyFCC_ViaFooter_Failed.jpg&amp;apos; directory cannot be created">
      <![CDATA[java.io.IOException: Destination 'C:\Users\amithpDownloads\DesktopRegressionSuite\DesktopRegressionSuite\Screens\Test Results\Run_28_07_2020_05_53_30\Fail\SS_FCC_Private_Verify_QuickBuyFCC_ViaFooter_Failed.jpg' directory cannot be created
	at org.apache.commons.io.FileUtils.copyFile(FileUtils.java:646)
	at org.apache.commons.io.FileUtils.copyFile(FileUtils.java:606)
	at utility.Utils.captureScreenshot(Utils.java:943)
	at revampTestCase.SS_FCC_Private_Verify_QuickBuyFCC_ViaFooter.main(SS_FCC_Private_Verify_QuickBuyFCC_ViaFooter.java:147)
... Removed 25 stack frames]]>
    </failure>
  </testcase> <!-- main -->
  <testcase name="main" time="53.987" classname="revampTestCase.SS_FCC_Private_Verify_QuickBuyFCC_ViaMyAccountsPage">
    <failure type="java.io.IOException" message="Destination &amp;apos;C:\Users\amithpDownloads\DesktopRegressionSuite\DesktopRegressionSuite\Screens\Test Results\Run_28_07_2020_05_53_30\Fail\SS_FCC_Private_Verify_QuickBuyFCC_ViaMyAccountsPage_Failed.jpg&amp;apos; directory cannot be created">
      <![CDATA[java.io.IOException: Destination 'C:\Users\amithpDownloads\DesktopRegressionSuite\DesktopRegressionSuite\Screens\Test Results\Run_28_07_2020_05_53_30\Fail\SS_FCC_Private_Verify_QuickBuyFCC_ViaMyAccountsPage_Failed.jpg' directory cannot be created
	at org.apache.commons.io.FileUtils.copyFile(FileUtils.java:646)
	at org.apache.commons.io.FileUtils.copyFile(FileUtils.java:606)
	at utility.Utils.captureScreenshot(Utils.java:943)
	at revampTestCase.SS_FCC_Private_Verify_QuickBuyFCC_ViaMyAccountsPage.main(SS_FCC_Private_Verify_QuickBuyFCC_ViaMyAccountsPage.java:130)
... Removed 25 stack frames]]>
    </failure>
  </testcase> <!-- main -->
  <testcase name="verifyPrivacy_Cookies_Links" time="26.899" classname="revampTestCase.SS_Footer_CookieAndPrivacyPolicy_Verify_The_Link_Is_Clickable"/>
  <testcase name="copyRights" time="5.845" classname="revampTestCase.SS_Footer_CopyrightsAllRightsReserved_The_Text_Is_Present">
    <failure type="java.io.IOException" message="Destination &amp;apos;C:\Users\amithpDownloads\DesktopRegressionSuite\DesktopRegressionSuite\Screens\Test Results\Run_28_07_2020_05_53_30\Fail\SS_Footer_CopyrightsAllRightsReserved_The_Text_Is_Present_Failed.jpg&amp;apos; directory cannot be created">
      <![CDATA[java.io.IOException: Destination 'C:\Users\amithpDownloads\DesktopRegressionSuite\DesktopRegressionSuite\Screens\Test Results\Run_28_07_2020_05_53_30\Fail\SS_Footer_CopyrightsAllRightsReserved_The_Text_Is_Present_Failed.jpg' directory cannot be created
	at org.apache.commons.io.FileUtils.copyFile(FileUtils.java:646)
	at org.apache.commons.io.FileUtils.copyFile(FileUtils.java:606)
	at utility.Utils.captureScreenshot(Utils.java:943)
	at revampTestCase.SS_Footer_CopyrightsAllRightsReserved_The_Text_Is_Present.copyRights(SS_Footer_CopyrightsAllRightsReserved_The_Text_Is_Present.java:78)
... Removed 25 stack frames]]>
    </failure>
  </testcase> <!-- copyRights -->
  <testcase name="main" time="85.668" classname="revampTestCase.SS_Footer_CustomerRelated_Verify_All_Links_Are_Clickable">
    <failure type="java.io.IOException" message="Destination &amp;apos;C:\Users\amithpDownloads\DesktopRegressionSuite\DesktopRegressionSuite\Screens\Test Results\Run_28_07_2020_05_53_30\Fail\SS_Footer_CustomerRelated_Verify_All_Links_Are_Clickable_Failed.jpg&amp;apos; directory cannot be created">
      <![CDATA[java.io.IOException: Destination 'C:\Users\amithpDownloads\DesktopRegressionSuite\DesktopRegressionSuite\Screens\Test Results\Run_28_07_2020_05_53_30\Fail\SS_Footer_CustomerRelated_Verify_All_Links_Are_Clickable_Failed.jpg' directory cannot be created
	at org.apache.commons.io.FileUtils.copyFile(FileUtils.java:646)
	at org.apache.commons.io.FileUtils.copyFile(FileUtils.java:606)
	at utility.Utils.captureScreenshot(Utils.java:943)
	at revampTestCase.SS_Footer_CustomerRelated_Verify_All_Links_Are_Clickable.main(SS_Footer_CustomerRelated_Verify_All_Links_Are_Clickable.java:91)
... Removed 25 stack frames]]>
    </failure>
  </testcase> <!-- main -->
  <testcase name="main" time="47.92" classname="revampTestCase.SS_Footer_DelightfulPrograms_ReachUs_And_FollowUs">
    <failure type="java.io.IOException" message="Destination &amp;apos;C:\Users\amithpDownloads\DesktopRegressionSuite\DesktopRegressionSuite\Screens\Test Results\Run_28_07_2020_05_53_30\Fail\SS_Footer_DelightfulPrograms_ReachUs_And_FollowUs_Failed.jpg&amp;apos; directory cannot be created">
      <![CDATA[java.io.IOException: Destination 'C:\Users\amithpDownloads\DesktopRegressionSuite\DesktopRegressionSuite\Screens\Test Results\Run_28_07_2020_05_53_30\Fail\SS_Footer_DelightfulPrograms_ReachUs_And_FollowUs_Failed.jpg' directory cannot be created
	at org.apache.commons.io.FileUtils.copyFile(FileUtils.java:646)
	at org.apache.commons.io.FileUtils.copyFile(FileUtils.java:606)
	at utility.Utils.captureScreenshot(Utils.java:943)
	at revampTestCase.SS_Footer_DelightfulPrograms_ReachUs_And_FollowUs.main(SS_Footer_DelightfulPrograms_ReachUs_And_FollowUs.java:103)
... Removed 25 stack frames]]>
    </failure>
  </testcase> <!-- main -->
  <testcase name="FirstCitizen" time="11.098" classname="revampTestCase.SS_Footer_Firstcitizen_Verify_All_Links_Are_Clickable">
    <failure type="java.io.IOException" message="Destination &amp;apos;C:\Users\amithpDownloads\DesktopRegressionSuite\DesktopRegressionSuite\Screens\Test Results\Run_28_07_2020_05_53_30\Fail\SS_Footer_Firstcitizen_Verify_All_Links_Are_Clickable_Failed.jpg&amp;apos; directory cannot be created">
      <![CDATA[java.io.IOException: Destination 'C:\Users\amithpDownloads\DesktopRegressionSuite\DesktopRegressionSuite\Screens\Test Results\Run_28_07_2020_05_53_30\Fail\SS_Footer_Firstcitizen_Verify_All_Links_Are_Clickable_Failed.jpg' directory cannot be created
	at org.apache.commons.io.FileUtils.copyFile(FileUtils.java:646)
	at org.apache.commons.io.FileUtils.copyFile(FileUtils.java:606)
	at utility.Utils.captureScreenshot(Utils.java:943)
	at revampTestCase.SS_Footer_Firstcitizen_Verify_All_Links_Are_Clickable.FirstCitizen(SS_Footer_Firstcitizen_Verify_All_Links_Are_Clickable.java:89)
... Removed 25 stack frames]]>
    </failure>
  </testcase> <!-- FirstCitizen -->
  <testcase name="main" time="36.586" classname="revampTestCase.SS_Footer_FirstCitizenRelated_Verify_All_Links_Are_Clickable">
    <failure type="java.io.IOException" message="Destination &amp;apos;C:\Users\amithpDownloads\DesktopRegressionSuite\DesktopRegressionSuite\Screens\Test Results\Run_28_07_2020_05_53_30\Fail\SS_Footer_FirstCitizenRelated_Verify_All_Links_Are_Clickable_Failed.jpg&amp;apos; directory cannot be created">
      <![CDATA[java.io.IOException: Destination 'C:\Users\amithpDownloads\DesktopRegressionSuite\DesktopRegressionSuite\Screens\Test Results\Run_28_07_2020_05_53_30\Fail\SS_Footer_FirstCitizenRelated_Verify_All_Links_Are_Clickable_Failed.jpg' directory cannot be created
	at org.apache.commons.io.FileUtils.copyFile(FileUtils.java:646)
	at org.apache.commons.io.FileUtils.copyFile(FileUtils.java:606)
	at utility.Utils.captureScreenshot(Utils.java:943)
	at revampTestCase.SS_Footer_FirstCitizenRelated_Verify_All_Links_Are_Clickable.main(SS_Footer_FirstCitizenRelated_Verify_All_Links_Are_Clickable.java:87)
... Removed 25 stack frames]]>
    </failure>
  </testcase> <!-- main -->
  <testcase name="main" time="31.601" classname="revampTestCase.SS_Footer_PolicyRelated_Verify_All_Links_Are_Clickable">
    <failure type="java.io.IOException" message="Destination &amp;apos;C:\Users\amithpDownloads\DesktopRegressionSuite\DesktopRegressionSuite\Screens\Test Results\Run_28_07_2020_05_53_30\Fail\SS_Footer_PolicyRelated_Verify_All_Links_Are_Clickable_Failed.jpg&amp;apos; directory cannot be created">
      <![CDATA[java.io.IOException: Destination 'C:\Users\amithpDownloads\DesktopRegressionSuite\DesktopRegressionSuite\Screens\Test Results\Run_28_07_2020_05_53_30\Fail\SS_Footer_PolicyRelated_Verify_All_Links_Are_Clickable_Failed.jpg' directory cannot be created
	at org.apache.commons.io.FileUtils.copyFile(FileUtils.java:646)
	at org.apache.commons.io.FileUtils.copyFile(FileUtils.java:606)
	at utility.Utils.captureScreenshot(Utils.java:943)
	at revampTestCase.SS_Footer_PolicyRelated_Verify_All_Links_Are_Clickable.main(SS_Footer_PolicyRelated_Verify_All_Links_Are_Clickable.java:91)
... Removed 25 stack frames]]>
    </failure>
  </testcase> <!-- main -->
  <testcase name="main" time="16.783" classname="revampTestCase.SS_Footer_StoreAndSiteRelated_Verify_All_Links_Are_Clickable">
    <failure type="java.io.IOException" message="Destination &amp;apos;C:\Users\amithpDownloads\DesktopRegressionSuite\DesktopRegressionSuite\Screens\Test Results\Run_28_07_2020_05_53_30\Fail\SS_Footer_StoreAndSiteRelated_Verify_All_Links_Are_Clickable_Failed.jpg&amp;apos; directory cannot be created">
      <![CDATA[java.io.IOException: Destination 'C:\Users\amithpDownloads\DesktopRegressionSuite\DesktopRegressionSuite\Screens\Test Results\Run_28_07_2020_05_53_30\Fail\SS_Footer_StoreAndSiteRelated_Verify_All_Links_Are_Clickable_Failed.jpg' directory cannot be created
	at org.apache.commons.io.FileUtils.copyFile(FileUtils.java:646)
	at org.apache.commons.io.FileUtils.copyFile(FileUtils.java:606)
	at utility.Utils.captureScreenshot(Utils.java:943)
	at revampTestCase.SS_Footer_StoreAndSiteRelated_Verify_All_Links_Are_Clickable.main(SS_Footer_StoreAndSiteRelated_Verify_All_Links_Are_Clickable.java:92)
... Removed 25 stack frames]]>
    </failure>
  </testcase> <!-- main -->
  <testcase name="verify_Terms_Link" time="1.256" classname="revampTestCase.SS_Footer_TermsOfUse_Verify_The_Link_Is_Clickable"/>
  <testcase name="main" time="19.903" classname="revampTestCase.SS_FOOTER_VERIFY_EXPRESSTORE_And_FAQ">
    <failure type="java.io.IOException" message="Destination &amp;apos;C:\Users\amithpDownloads\DesktopRegressionSuite\DesktopRegressionSuite\Screens\Test Results\Run_28_07_2020_05_53_30\Fail\SS_FOOTER_VERIFY_EXPRESSTORE_And_FAQ_Failure.jpg&amp;apos; directory cannot be created">
      <![CDATA[java.io.IOException: Destination 'C:\Users\amithpDownloads\DesktopRegressionSuite\DesktopRegressionSuite\Screens\Test Results\Run_28_07_2020_05_53_30\Fail\SS_FOOTER_VERIFY_EXPRESSTORE_And_FAQ_Failure.jpg' directory cannot be created
	at org.apache.commons.io.FileUtils.copyFile(FileUtils.java:646)
	at org.apache.commons.io.FileUtils.copyFile(FileUtils.java:606)
	at utility.Utils.captureScreenshot(Utils.java:943)
	at revampTestCase.SS_FOOTER_VERIFY_EXPRESSTORE_And_FAQ.main(SS_FOOTER_VERIFY_EXPRESSTORE_And_FAQ.java:138)
... Removed 25 stack frames]]>
    </failure>
  </testcase> <!-- main -->
  <testcase name="main" time="7.23" classname="revampTestCase.SS_Forgot_Password">
    <failure type="java.io.IOException" message="Destination &amp;apos;C:\Users\amithpDownloads\DesktopRegressionSuite\DesktopRegressionSuite\Screens\Test Results\Run_28_07_2020_05_53_30\Fail\SS_Forgot_Password_Failed.jpg&amp;apos; directory cannot be created">
      <![CDATA[java.io.IOException: Destination 'C:\Users\amithpDownloads\DesktopRegressionSuite\DesktopRegressionSuite\Screens\Test Results\Run_28_07_2020_05_53_30\Fail\SS_Forgot_Password_Failed.jpg' directory cannot be created
	at org.apache.commons.io.FileUtils.copyFile(FileUtils.java:646)
	at org.apache.commons.io.FileUtils.copyFile(FileUtils.java:606)
	at utility.Utils.captureScreenshot(Utils.java:943)
	at revampTestCase.SS_Forgot_Password.main(SS_Forgot_Password.java:83)
... Removed 25 stack frames]]>
    </failure>
  </testcase> <!-- main -->
  <testcase name="main" time="50.093" classname="revampTestCase.SS_Header_Private_Verify_WishlistAlert_Functionality">
    <failure type="java.io.IOException" message="Destination &amp;apos;C:\Users\amithpDownloads\DesktopRegressionSuite\DesktopRegressionSuite\Screens\Test Results\Run_28_07_2020_05_53_30\Fail\SS_Header_Private_Verify_WishlistAlert_Functionality_Failed.jpg&amp;apos; directory cannot be created">
      <![CDATA[java.io.IOException: Destination 'C:\Users\amithpDownloads\DesktopRegressionSuite\DesktopRegressionSuite\Screens\Test Results\Run_28_07_2020_05_53_30\Fail\SS_Header_Private_Verify_WishlistAlert_Functionality_Failed.jpg' directory cannot be created
	at org.apache.commons.io.FileUtils.copyFile(FileUtils.java:646)
	at org.apache.commons.io.FileUtils.copyFile(FileUtils.java:606)
	at utility.Utils.captureScreenshot(Utils.java:943)
	at revampTestCase.SS_Header_Private_Verify_WishlistAlert_Functionality.main(SS_Header_Private_Verify_WishlistAlert_Functionality.java:94)
... Removed 25 stack frames]]>
    </failure>
  </testcase> <!-- main -->
  <testcase name="main" time="11.503" classname="revampTestCase.SS_Header_Public_Verify_StoreLocatore_Link_Functionality">
    <failure type="java.io.IOException" message="Destination &amp;apos;C:\Users\amithpDownloads\DesktopRegressionSuite\DesktopRegressionSuite\Screens\Test Results\Run_28_07_2020_05_53_30\Fail\SS_Header_Public_Verify_StoreLocatore_Link_Functionality_Failed.jpg&amp;apos; directory cannot be created">
      <![CDATA[java.io.IOException: Destination 'C:\Users\amithpDownloads\DesktopRegressionSuite\DesktopRegressionSuite\Screens\Test Results\Run_28_07_2020_05_53_30\Fail\SS_Header_Public_Verify_StoreLocatore_Link_Functionality_Failed.jpg' directory cannot be created
	at org.apache.commons.io.FileUtils.copyFile(FileUtils.java:646)
	at org.apache.commons.io.FileUtils.copyFile(FileUtils.java:606)
	at utility.Utils.captureScreenshot(Utils.java:943)
	at revampTestCase.SS_Header_Public_Verify_StoreLocatore_Link_Functionality.main(SS_Header_Public_Verify_StoreLocatore_Link_Functionality.java:96)
... Removed 25 stack frames]]>
    </failure>
  </testcase> <!-- main -->
  <testcase name="main" time="31.023" classname="revampTestCase.SS_Header_Public_Verify_TrackOrder_Link_Functionality">
    <failure type="java.io.IOException" message="Destination &amp;apos;C:\Users\amithpDownloads\DesktopRegressionSuite\DesktopRegressionSuite\Screens\Test Results\Run_28_07_2020_05_53_30\Fail\SS_Header_Public_Verify_TrackOrder_Link_Functionality_Failed.jpg&amp;apos; directory cannot be created">
      <![CDATA[java.io.IOException: Destination 'C:\Users\amithpDownloads\DesktopRegressionSuite\DesktopRegressionSuite\Screens\Test Results\Run_28_07_2020_05_53_30\Fail\SS_Header_Public_Verify_TrackOrder_Link_Functionality_Failed.jpg' directory cannot be created
	at org.apache.commons.io.FileUtils.copyFile(FileUtils.java:646)
	at org.apache.commons.io.FileUtils.copyFile(FileUtils.java:606)
	at utility.Utils.captureScreenshot(Utils.java:943)
	at revampTestCase.SS_Header_Public_Verify_TrackOrder_Link_Functionality.main(SS_Header_Public_Verify_TrackOrder_Link_Functionality.java:77)
... Removed 25 stack frames]]>
    </failure>
  </testcase> <!-- main -->
  <testcase name="main" time="178.844" classname="revampTestCase.SS_HomePage_HeaderValidation">
    <failure type="java.io.IOException" message="Destination &amp;apos;C:\Users\amithpDownloads\DesktopRegressionSuite\DesktopRegressionSuite\Screens\Test Results\Run_28_07_2020_05_53_30\Fail\SS_HomePage_HeaderValidation_Failed.jpg&amp;apos; directory cannot be created">
      <![CDATA[java.io.IOException: Destination 'C:\Users\amithpDownloads\DesktopRegressionSuite\DesktopRegressionSuite\Screens\Test Results\Run_28_07_2020_05_53_30\Fail\SS_HomePage_HeaderValidation_Failed.jpg' directory cannot be created
	at org.apache.commons.io.FileUtils.copyFile(FileUtils.java:646)
	at org.apache.commons.io.FileUtils.copyFile(FileUtils.java:606)
	at utility.Utils.captureScreenshot(Utils.java:943)
	at revampTestCase.SS_HomePage_HeaderValidation.main(SS_HomePage_HeaderValidation.java:115)
... Removed 25 stack frames]]>
    </failure>
  </testcase> <!-- main -->
  <testcase name="main" time="97.042" classname="revampTestCase.SS_HomePage_Public_Footer_ShopAnytimeAnywhere_DescriptionLinks_Verify"/>
  <testcase name="main" time="241.695" classname="revampTestCase.SS_HomePage_Public_Verify_MainMenu_ToolTip"/>
  <testcase name="main" time="61.988" classname="revampTestCase.SS_HomePage_Public_Verify_NewsLetterSubscribe_Functionality">
    <failure type="java.io.IOException" message="Destination &amp;apos;C:\Users\amithpDownloads\DesktopRegressionSuite\DesktopRegressionSuite\Screens\Test Results\Run_28_07_2020_05_53_30\Fail\SS_HomePage_Public_Verify_NewsLetterSubscribe_Functionality_Failed.jpg&amp;apos; directory cannot be created">
      <![CDATA[java.io.IOException: Destination 'C:\Users\amithpDownloads\DesktopRegressionSuite\DesktopRegressionSuite\Screens\Test Results\Run_28_07_2020_05_53_30\Fail\SS_HomePage_Public_Verify_NewsLetterSubscribe_Functionality_Failed.jpg' directory cannot be created
	at org.apache.commons.io.FileUtils.copyFile(FileUtils.java:646)
	at org.apache.commons.io.FileUtils.copyFile(FileUtils.java:606)
	at utility.Utils.captureScreenshot(Utils.java:943)
	at revampTestCase.SS_HomePage_Public_Verify_NewsLetterSubscribe_Functionality.main(SS_HomePage_Public_Verify_NewsLetterSubscribe_Functionality.java:94)
... Removed 25 stack frames]]>
    </failure>
  </testcase> <!-- main -->
  <testcase name="Profile" time="47.885" classname="revampTestCase.SS_HomePage_Verify_Profile_Functionality">
    <failure type="java.io.IOException" message="Destination &amp;apos;C:\Users\amithpDownloads\DesktopRegressionSuite\DesktopRegressionSuite\Screens\Test Results\Run_28_07_2020_05_53_30\Fail\SS_HomePage_Verify_Profile_Functionality_Failed.jpg&amp;apos; directory cannot be created">
      <![CDATA[java.io.IOException: Destination 'C:\Users\amithpDownloads\DesktopRegressionSuite\DesktopRegressionSuite\Screens\Test Results\Run_28_07_2020_05_53_30\Fail\SS_HomePage_Verify_Profile_Functionality_Failed.jpg' directory cannot be created
	at org.apache.commons.io.FileUtils.copyFile(FileUtils.java:646)
	at org.apache.commons.io.FileUtils.copyFile(FileUtils.java:606)
	at utility.Utils.captureScreenshot(Utils.java:943)
	at revampTestCase.SS_HomePage_Verify_Profile_Functionality.Profile(SS_HomePage_Verify_Profile_Functionality.java:94)
... Removed 25 stack frames]]>
    </failure>
  </testcase> <!-- Profile -->
  <testcase name="main" time="34.691" classname="revampTestCase.SS_MacBeautyServices_Booking">
    <failure type="java.io.IOException" message="Destination &amp;apos;C:\Users\amithpDownloads\DesktopRegressionSuite\DesktopRegressionSuite\Screens\Test Results\Run_28_07_2020_05_53_30\Fail\SS_MacBeautyServices_Booking_Failed.jpg&amp;apos; directory cannot be created">
      <![CDATA[java.io.IOException: Destination 'C:\Users\amithpDownloads\DesktopRegressionSuite\DesktopRegressionSuite\Screens\Test Results\Run_28_07_2020_05_53_30\Fail\SS_MacBeautyServices_Booking_Failed.jpg' directory cannot be created
	at org.apache.commons.io.FileUtils.copyFile(FileUtils.java:646)
	at org.apache.commons.io.FileUtils.copyFile(FileUtils.java:606)
	at utility.Utils.captureScreenshot(Utils.java:943)
	at revampTestCase.SS_MacBeautyServices_Booking.main(SS_MacBeautyServices_Booking.java:81)
... Removed 25 stack frames]]>
    </failure>
  </testcase> <!-- main -->
  <testcase name="newsLetter" time="160.602" classname="revampTestCase.SS_MyAccount_NewsLetterAndSubscription">
    <failure type="java.io.IOException" message="Destination &amp;apos;C:\Users\amithpDownloads\DesktopRegressionSuite\DesktopRegressionSuite\Screens\Test Results\Run_28_07_2020_05_53_30\Fail\SS_MyAccount_NewsLetterAndSubscription_Failed.jpg&amp;apos; directory cannot be created">
      <![CDATA[java.io.IOException: Destination 'C:\Users\amithpDownloads\DesktopRegressionSuite\DesktopRegressionSuite\Screens\Test Results\Run_28_07_2020_05_53_30\Fail\SS_MyAccount_NewsLetterAndSubscription_Failed.jpg' directory cannot be created
	at org.apache.commons.io.FileUtils.copyFile(FileUtils.java:646)
	at org.apache.commons.io.FileUtils.copyFile(FileUtils.java:606)
	at utility.Utils.captureScreenshot(Utils.java:943)
	at revampTestCase.SS_MyAccount_NewsLetterAndSubscription.newsLetter(SS_MyAccount_NewsLetterAndSubscription.java:86)
... Removed 25 stack frames]]>
    </failure>
  </testcase> <!-- newsLetter -->
  <testcase name="newsLetter" time="169.445" classname="revampTestCase.SS_MyAccount_RecentOrder">
    <failure type="java.io.IOException" message="Destination &amp;apos;C:\Users\amithpDownloads\DesktopRegressionSuite\DesktopRegressionSuite\Screens\Test Results\Run_28_07_2020_05_53_30\Fail\SS_MyAccount_RecentOrder_Failed.jpg&amp;apos; directory cannot be created">
      <![CDATA[java.io.IOException: Destination 'C:\Users\amithpDownloads\DesktopRegressionSuite\DesktopRegressionSuite\Screens\Test Results\Run_28_07_2020_05_53_30\Fail\SS_MyAccount_RecentOrder_Failed.jpg' directory cannot be created
	at org.apache.commons.io.FileUtils.copyFile(FileUtils.java:646)
	at org.apache.commons.io.FileUtils.copyFile(FileUtils.java:606)
	at utility.Utils.captureScreenshot(Utils.java:943)
	at revampTestCase.SS_MyAccount_RecentOrder.newsLetter(SS_MyAccount_RecentOrder.java:83)
... Removed 25 stack frames]]>
    </failure>
  </testcase> <!-- newsLetter -->
  <testcase name="main" time="141.623" classname="revampTestCase.SS_MyAccount_Verify_All_Menu">
    <failure type="java.io.IOException" message="Destination &amp;apos;C:\Users\amithpDownloads\DesktopRegressionSuite\DesktopRegressionSuite\Screens\Test Results\Run_28_07_2020_05_53_30\Fail\SS_MyAccount_Verify_All_Menu_Failed.jpg&amp;apos; directory cannot be created">
      <![CDATA[java.io.IOException: Destination 'C:\Users\amithpDownloads\DesktopRegressionSuite\DesktopRegressionSuite\Screens\Test Results\Run_28_07_2020_05_53_30\Fail\SS_MyAccount_Verify_All_Menu_Failed.jpg' directory cannot be created
	at org.apache.commons.io.FileUtils.copyFile(FileUtils.java:646)
	at org.apache.commons.io.FileUtils.copyFile(FileUtils.java:606)
	at utility.Utils.captureScreenshot(Utils.java:943)
	at revampTestCase.SS_MyAccount_Verify_All_Menu.main(SS_MyAccount_Verify_All_Menu.java:85)
... Removed 25 stack frames]]>
    </failure>
  </testcase> <!-- main -->
  <testcase name="Profile" time="55.197" classname="revampTestCase.SS_MyAccount_Verify_Wishlist_Functionality">
    <failure type="java.io.IOException" message="Destination &amp;apos;C:\Users\amithpDownloads\DesktopRegressionSuite\DesktopRegressionSuite\Screens\Test Results\Run_28_07_2020_05_53_30\Fail\SS_MyAccount_Verify_Wishlist_Functionality_Failed.jpg&amp;apos; directory cannot be created">
      <![CDATA[java.io.IOException: Destination 'C:\Users\amithpDownloads\DesktopRegressionSuite\DesktopRegressionSuite\Screens\Test Results\Run_28_07_2020_05_53_30\Fail\SS_MyAccount_Verify_Wishlist_Functionality_Failed.jpg' directory cannot be created
	at org.apache.commons.io.FileUtils.copyFile(FileUtils.java:646)
	at org.apache.commons.io.FileUtils.copyFile(FileUtils.java:606)
	at utility.Utils.captureScreenshot(Utils.java:943)
	at revampTestCase.SS_MyAccount_Verify_Wishlist_Functionality.Profile(SS_MyAccount_Verify_Wishlist_Functionality.java:94)
... Removed 25 stack frames]]>
    </failure>
  </testcase> <!-- Profile -->
  <testcase name="main" time="342.123" classname="revampTestCase.SS_Order_Confirmation_Verify_Complete_Your_Profile_Popup">
    <failure type="java.io.IOException" message="Destination &amp;apos;C:\Users\amithpDownloads\DesktopRegressionSuite\DesktopRegressionSuite\Screens\Test Results\Run_28_07_2020_05_53_30\Fail\SS_Order_Confirmation_Verify_Complete_Your_Profile_Popup_Failed.jpg&amp;apos; directory cannot be created">
      <![CDATA[java.io.IOException: Destination 'C:\Users\amithpDownloads\DesktopRegressionSuite\DesktopRegressionSuite\Screens\Test Results\Run_28_07_2020_05_53_30\Fail\SS_Order_Confirmation_Verify_Complete_Your_Profile_Popup_Failed.jpg' directory cannot be created
	at org.apache.commons.io.FileUtils.copyFile(FileUtils.java:646)
	at org.apache.commons.io.FileUtils.copyFile(FileUtils.java:606)
	at utility.Utils.captureScreenshot(Utils.java:943)
	at revampTestCase.SS_Order_Confirmation_Verify_Complete_Your_Profile_Popup.main(SS_Order_Confirmation_Verify_Complete_Your_Profile_Popup.java:115)
... Removed 25 stack frames]]>
    </failure>
  </testcase> <!-- main -->
  <testcase name="main" time="45.179" classname="revampTestCase.SS_Order_OrderDetailsPage">
    <failure type="java.io.IOException" message="Destination &amp;apos;C:\Users\amithpDownloads\DesktopRegressionSuite\DesktopRegressionSuite\Screens\Test Results\Run_28_07_2020_05_53_30\Fail\SS_Order_OrderDetailsPage_Failed.jpg&amp;apos; directory cannot be created">
      <![CDATA[java.io.IOException: Destination 'C:\Users\amithpDownloads\DesktopRegressionSuite\DesktopRegressionSuite\Screens\Test Results\Run_28_07_2020_05_53_30\Fail\SS_Order_OrderDetailsPage_Failed.jpg' directory cannot be created
	at org.apache.commons.io.FileUtils.copyFile(FileUtils.java:646)
	at org.apache.commons.io.FileUtils.copyFile(FileUtils.java:606)
	at utility.Utils.captureScreenshot(Utils.java:943)
	at revampTestCase.SS_Order_OrderDetailsPage.main(SS_Order_OrderDetailsPage.java:100)
... Removed 25 stack frames]]>
    </failure>
  </testcase> <!-- main -->
  <testcase name="Profile" time="53.898" classname="revampTestCase.SS_Order_OrderHistory">
    <failure type="java.io.IOException" message="Destination &amp;apos;C:\Users\amithpDownloads\DesktopRegressionSuite\DesktopRegressionSuite\Screens\Test Results\Run_28_07_2020_05_53_30\Fail\SS_Order_OrderHistory_Failed.jpg&amp;apos; directory cannot be created">
      <![CDATA[java.io.IOException: Destination 'C:\Users\amithpDownloads\DesktopRegressionSuite\DesktopRegressionSuite\Screens\Test Results\Run_28_07_2020_05_53_30\Fail\SS_Order_OrderHistory_Failed.jpg' directory cannot be created
	at org.apache.commons.io.FileUtils.copyFile(FileUtils.java:646)
	at org.apache.commons.io.FileUtils.copyFile(FileUtils.java:606)
	at utility.Utils.captureScreenshot(Utils.java:943)
	at revampTestCase.SS_Order_OrderHistory.Profile(SS_Order_OrderHistory.java:83)
... Removed 25 stack frames]]>
    </failure>
  </testcase> <!-- Profile -->
  <testcase name="main" time="91.346" classname="revampTestCase.SS_PDP_Private_Verify_DeliveryOptions_SocialShareOption">
    <failure type="java.io.IOException" message="Destination &amp;apos;C:\Users\amithpDownloads\DesktopRegressionSuite\DesktopRegressionSuite\Screens\Test Results\Run_28_07_2020_05_53_30\Fail\SS_PDP_Private_Verify_DeliveryOptions_SocialShareOption_Failed.jpg&amp;apos; directory cannot be created">
      <![CDATA[java.io.IOException: Destination 'C:\Users\amithpDownloads\DesktopRegressionSuite\DesktopRegressionSuite\Screens\Test Results\Run_28_07_2020_05_53_30\Fail\SS_PDP_Private_Verify_DeliveryOptions_SocialShareOption_Failed.jpg' directory cannot be created
	at org.apache.commons.io.FileUtils.copyFile(FileUtils.java:646)
	at org.apache.commons.io.FileUtils.copyFile(FileUtils.java:606)
	at utility.Utils.captureScreenshot(Utils.java:943)
	at revampTestCase.SS_PDP_Private_Verify_DeliveryOptions_SocialShareOption.main(SS_PDP_Private_Verify_DeliveryOptions_SocialShareOption.java:89)
... Removed 25 stack frames]]>
    </failure>
  </testcase> <!-- main -->
  <testcase name="main" time="268.014" classname="revampTestCase.SS_PDP_Private_Verify_Page_Related_Functional_Validation_Part1">
    <failure type="java.io.IOException" message="Destination &amp;apos;C:\Users\amithpDownloads\DesktopRegressionSuite\DesktopRegressionSuite\Screens\Test Results\Run_28_07_2020_05_53_30\Fail\SS_PDP_Private_Verify_Page_Related_Functional_Validation_Part1_Failed.jpg&amp;apos; directory cannot be created">
      <![CDATA[java.io.IOException: Destination 'C:\Users\amithpDownloads\DesktopRegressionSuite\DesktopRegressionSuite\Screens\Test Results\Run_28_07_2020_05_53_30\Fail\SS_PDP_Private_Verify_Page_Related_Functional_Validation_Part1_Failed.jpg' directory cannot be created
	at org.apache.commons.io.FileUtils.copyFile(FileUtils.java:646)
	at org.apache.commons.io.FileUtils.copyFile(FileUtils.java:606)
	at utility.Utils.captureScreenshot(Utils.java:943)
	at revampTestCase.SS_PDP_Private_Verify_Page_Related_Functional_Validation_Part1.main(SS_PDP_Private_Verify_Page_Related_Functional_Validation_Part1.java:86)
... Removed 25 stack frames]]>
    </failure>
  </testcase> <!-- main -->
  <testcase name="main" time="62.55" classname="revampTestCase.SS_PDP_Private_Verify_ProductDetails_StyleNotes_BrandInfo_ReturnAndExchange">
    <failure type="java.io.IOException" message="Destination &amp;apos;C:\Users\amithpDownloads\DesktopRegressionSuite\DesktopRegressionSuite\Screens\Test Results\Run_28_07_2020_05_53_30\Fail\SS_PDP_Private_Verify_ProductDetails_StyleNotes_BrandInfo_ReturnAndExchange_Failed.jpg&amp;apos; directory cannot be created">
      <![CDATA[java.io.IOException: Destination 'C:\Users\amithpDownloads\DesktopRegressionSuite\DesktopRegressionSuite\Screens\Test Results\Run_28_07_2020_05_53_30\Fail\SS_PDP_Private_Verify_ProductDetails_StyleNotes_BrandInfo_ReturnAndExchange_Failed.jpg' directory cannot be created
	at org.apache.commons.io.FileUtils.copyFile(FileUtils.java:646)
	at org.apache.commons.io.FileUtils.copyFile(FileUtils.java:606)
	at utility.Utils.captureScreenshot(Utils.java:943)
	at revampTestCase.SS_PDP_Private_Verify_ProductDetails_StyleNotes_BrandInfo_ReturnAndExchange.main(SS_PDP_Private_Verify_ProductDetails_StyleNotes_BrandInfo_ReturnAndExchange.java:70)
... Removed 25 stack frames]]>
    </failure>
  </testcase> <!-- main -->
  <testcase name="main" time="74.757" classname="revampTestCase.SS_PDP_Private_Verify_Review_And_Ratings_Section">
    <failure type="java.io.IOException" message="Destination &amp;apos;C:\Users\amithpDownloads\DesktopRegressionSuite\DesktopRegressionSuite\Screens\Test Results\Run_28_07_2020_05_53_30\Fail\SS_PDP_Private_Verify_Review_And_Ratings_Section_Failed.jpg&amp;apos; directory cannot be created">
      <![CDATA[java.io.IOException: Destination 'C:\Users\amithpDownloads\DesktopRegressionSuite\DesktopRegressionSuite\Screens\Test Results\Run_28_07_2020_05_53_30\Fail\SS_PDP_Private_Verify_Review_And_Ratings_Section_Failed.jpg' directory cannot be created
	at org.apache.commons.io.FileUtils.copyFile(FileUtils.java:646)
	at org.apache.commons.io.FileUtils.copyFile(FileUtils.java:606)
	at utility.Utils.captureScreenshot(Utils.java:943)
	at revampTestCase.SS_PDP_Private_Verify_Review_And_Ratings_Section.main(SS_PDP_Private_Verify_Review_And_Ratings_Section.java:71)
... Removed 25 stack frames]]>
    </failure>
  </testcase> <!-- main -->
  <testcase name="main" time="50.26" classname="revampTestCase.SS_PDP_Private_Verify_WriteAReview_And_AddToWishList">
    <failure type="java.io.IOException" message="Destination &amp;apos;C:\Users\amithpDownloads\DesktopRegressionSuite\DesktopRegressionSuite\Screens\Test Results\Run_28_07_2020_05_53_30\Fail\SS_PDP_Private_Verify_WriteAReview_And_AddToWishList_Failed.jpg&amp;apos; directory cannot be created">
      <![CDATA[java.io.IOException: Destination 'C:\Users\amithpDownloads\DesktopRegressionSuite\DesktopRegressionSuite\Screens\Test Results\Run_28_07_2020_05_53_30\Fail\SS_PDP_Private_Verify_WriteAReview_And_AddToWishList_Failed.jpg' directory cannot be created
	at org.apache.commons.io.FileUtils.copyFile(FileUtils.java:646)
	at org.apache.commons.io.FileUtils.copyFile(FileUtils.java:606)
	at utility.Utils.captureScreenshot(Utils.java:943)
	at revampTestCase.SS_PDP_Private_Verify_WriteAReview_And_AddToWishList.main(SS_PDP_Private_Verify_WriteAReview_And_AddToWishList.java:99)
... Removed 25 stack frames]]>
    </failure>
  </testcase> <!-- main -->
  <testcase name="main" time="61.243" classname="revampTestCase.SS_PDP_Public_Verify_DeliveryOptions_SocialShareOption">
    <failure type="java.io.IOException" message="Destination &amp;apos;C:\Users\amithpDownloads\DesktopRegressionSuite\DesktopRegressionSuite\Screens\Test Results\Run_28_07_2020_05_53_30\Fail\SS_PDP_Public_Verify_DeliveryOptions_SocialShareOption_Failed.jpg&amp;apos; directory cannot be created">
      <![CDATA[java.io.IOException: Destination 'C:\Users\amithpDownloads\DesktopRegressionSuite\DesktopRegressionSuite\Screens\Test Results\Run_28_07_2020_05_53_30\Fail\SS_PDP_Public_Verify_DeliveryOptions_SocialShareOption_Failed.jpg' directory cannot be created
	at org.apache.commons.io.FileUtils.copyFile(FileUtils.java:646)
	at org.apache.commons.io.FileUtils.copyFile(FileUtils.java:606)
	at utility.Utils.captureScreenshot(Utils.java:943)
	at revampTestCase.SS_PDP_Public_Verify_DeliveryOptions_SocialShareOption.main(SS_PDP_Public_Verify_DeliveryOptions_SocialShareOption.java:83)
... Removed 25 stack frames]]>
    </failure>
  </testcase> <!-- main -->
  <testcase name="main" time="241.845" classname="revampTestCase.SS_PDP_Public_Verify_Page_Related_Functional_Validation_Part1">
    <failure type="java.io.IOException" message="Destination &amp;apos;C:\Users\amithpDownloads\DesktopRegressionSuite\DesktopRegressionSuite\Screens\Test Results\Run_28_07_2020_05_53_30\Fail\SS_PDP_Public_Verify_Page_Related_Functional_Validation_Part1_Failed.jpg&amp;apos; directory cannot be created">
      <![CDATA[java.io.IOException: Destination 'C:\Users\amithpDownloads\DesktopRegressionSuite\DesktopRegressionSuite\Screens\Test Results\Run_28_07_2020_05_53_30\Fail\SS_PDP_Public_Verify_Page_Related_Functional_Validation_Part1_Failed.jpg' directory cannot be created
	at org.apache.commons.io.FileUtils.copyFile(FileUtils.java:646)
	at org.apache.commons.io.FileUtils.copyFile(FileUtils.java:606)
	at utility.Utils.captureScreenshot(Utils.java:943)
	at revampTestCase.SS_PDP_Public_Verify_Page_Related_Functional_Validation_Part1.main(SS_PDP_Public_Verify_Page_Related_Functional_Validation_Part1.java:80)
... Removed 25 stack frames]]>
    </failure>
  </testcase> <!-- main -->
  <testcase name="main" time="53.545" classname="revampTestCase.SS_PDP_Verify_FirstCitizen_And_Enroll_Link">
    <failure type="java.io.IOException" message="Destination &amp;apos;C:\Users\amithpDownloads\DesktopRegressionSuite\DesktopRegressionSuite\Screens\Test Results\Run_28_07_2020_05_53_30\Fail\SS_PDP_Verify_FirstCitizen_And_Enroll_Link_Failed.jpg&amp;apos; directory cannot be created">
      <![CDATA[java.io.IOException: Destination 'C:\Users\amithpDownloads\DesktopRegressionSuite\DesktopRegressionSuite\Screens\Test Results\Run_28_07_2020_05_53_30\Fail\SS_PDP_Verify_FirstCitizen_And_Enroll_Link_Failed.jpg' directory cannot be created
	at org.apache.commons.io.FileUtils.copyFile(FileUtils.java:646)
	at org.apache.commons.io.FileUtils.copyFile(FileUtils.java:606)
	at utility.Utils.captureScreenshot(Utils.java:943)
	at revampTestCase.SS_PDP_Verify_FirstCitizen_And_Enroll_Link.main(SS_PDP_Verify_FirstCitizen_And_Enroll_Link.java:76)
... Removed 25 stack frames]]>
    </failure>
  </testcase> <!-- main -->
  <testcase name="main" time="97.797" classname="revampTestCase.SS_PDP_verify_SizeGuide_And_Calculate_size_Functionality">
    <failure type="java.io.IOException" message="Destination &amp;apos;C:\Users\amithpDownloads\DesktopRegressionSuite\DesktopRegressionSuite\Screens\Test Results\Run_28_07_2020_05_53_30\Fail\SS_PDP_verify_SizeGuide_And_Calculate_size_Functionality_Failed.jpg&amp;apos; directory cannot be created">
      <![CDATA[java.io.IOException: Destination 'C:\Users\amithpDownloads\DesktopRegressionSuite\DesktopRegressionSuite\Screens\Test Results\Run_28_07_2020_05_53_30\Fail\SS_PDP_verify_SizeGuide_And_Calculate_size_Functionality_Failed.jpg' directory cannot be created
	at org.apache.commons.io.FileUtils.copyFile(FileUtils.java:646)
	at org.apache.commons.io.FileUtils.copyFile(FileUtils.java:606)
	at utility.Utils.captureScreenshot(Utils.java:943)
	at revampTestCase.SS_PDP_verify_SizeGuide_And_Calculate_size_Functionality.main(SS_PDP_verify_SizeGuide_And_Calculate_size_Functionality.java:97)
... Removed 25 stack frames]]>
    </failure>
  </testcase> <!-- main -->
  <testcase name="main" time="106.32" classname="revampTestCase.SS_PdpPage_Private_Verify_ExpressStorePickup_DeliveryOptions"/>
  <testcase name="main" time="40.56" classname="revampTestCase.SS_PersonalShopper_Booking"/>
  <testcase name="main" time="66.299" classname="revampTestCase.SS_PLP_BreadCrumb_And_DefaultContent"/>
  <testcase name="main" time="26.655" classname="revampTestCase.SS_PLP_Verify_BreadCrumb">
    <failure type="java.io.IOException" message="Destination &amp;apos;C:\Users\amithpDownloads\DesktopRegressionSuite\DesktopRegressionSuite\Screens\Test Results\Run_28_07_2020_05_53_30\Fail\SS_PLP_Verify_BreadCrumb_Failed.jpg&amp;apos; directory cannot be created">
      <![CDATA[java.io.IOException: Destination 'C:\Users\amithpDownloads\DesktopRegressionSuite\DesktopRegressionSuite\Screens\Test Results\Run_28_07_2020_05_53_30\Fail\SS_PLP_Verify_BreadCrumb_Failed.jpg' directory cannot be created
	at org.apache.commons.io.FileUtils.copyFile(FileUtils.java:646)
	at org.apache.commons.io.FileUtils.copyFile(FileUtils.java:606)
	at utility.Utils.captureScreenshot(Utils.java:943)
	at revampTestCase.SS_PLP_Verify_BreadCrumb.main(SS_PLP_Verify_BreadCrumb.java:76)
... Removed 25 stack frames]]>
    </failure>
  </testcase> <!-- main -->
  <testcase name="main" time="123.642" classname="revampTestCase.SS_PLP_Verify_Clear_Refinements_Functionality"/>
  <testcase name="main" time="86.272" classname="revampTestCase.SS_PLP_Verify_ClearAll_Refinements_Functionality"/>
  <testcase name="main" time="35.866" classname="revampTestCase.SS_PLP_Verify_DeliveryType_Filter_Functionality"/>
  <testcase name="main" time="43.129" classname="revampTestCase.SS_PLP_Verify_LoadMore_Link_Functionality">
    <failure type="java.io.IOException" message="Destination &amp;apos;C:\Users\amithpDownloads\DesktopRegressionSuite\DesktopRegressionSuite\Screens\Test Results\Run_28_07_2020_05_53_30\Fail\SS_PLP_Verify_LoadMore_Link_Functionality_Failed.jpg&amp;apos; directory cannot be created">
      <![CDATA[java.io.IOException: Destination 'C:\Users\amithpDownloads\DesktopRegressionSuite\DesktopRegressionSuite\Screens\Test Results\Run_28_07_2020_05_53_30\Fail\SS_PLP_Verify_LoadMore_Link_Functionality_Failed.jpg' directory cannot be created
	at org.apache.commons.io.FileUtils.copyFile(FileUtils.java:646)
	at org.apache.commons.io.FileUtils.copyFile(FileUtils.java:606)
	at utility.Utils.captureScreenshot(Utils.java:943)
	at revampTestCase.SS_PLP_Verify_LoadMore_Link_Functionality.main(SS_PLP_Verify_LoadMore_Link_Functionality.java:78)
... Removed 25 stack frames]]>
    </failure>
  </testcase> <!-- main -->
  <testcase name="main" time="27.928" classname="revampTestCase.SS_PLP_Verify_PrimaryFilter_Department_and_Search_Functionality"/>
  <testcase name="main" time="43.076" classname="revampTestCase.SS_PLP_Verify_PrimaryFilter_DropDown_Functionality">
    <failure type="java.io.IOException" message="Destination &amp;apos;C:\Users\amithpDownloads\DesktopRegressionSuite\DesktopRegressionSuite\Screens\Test Results\Run_28_07_2020_05_53_30\Fail\SS_PLP_Verify_PrimaryFilter_DropDown_Functionality_Failed.jpg&amp;apos; directory cannot be created">
      <![CDATA[java.io.IOException: Destination 'C:\Users\amithpDownloads\DesktopRegressionSuite\DesktopRegressionSuite\Screens\Test Results\Run_28_07_2020_05_53_30\Fail\SS_PLP_Verify_PrimaryFilter_DropDown_Functionality_Failed.jpg' directory cannot be created
	at org.apache.commons.io.FileUtils.copyFile(FileUtils.java:646)
	at org.apache.commons.io.FileUtils.copyFile(FileUtils.java:606)
	at utility.Utils.captureScreenshot(Utils.java:943)
	at revampTestCase.SS_PLP_Verify_PrimaryFilter_DropDown_Functionality.main(SS_PLP_Verify_PrimaryFilter_DropDown_Functionality.java:84)
... Removed 25 stack frames]]>
    </failure>
  </testcase> <!-- main -->
  <testcase name="main" time="23.912" classname="revampTestCase.SS_PLP_Verify_PrimaryFilter_On_Sale_Functionality"/>
  <testcase name="main" time="21.692" classname="revampTestCase.SS_PLP_Verify_PrimaryFilter_Select_Brand_Functionality"/>
  <testcase name="main" time="21.504" classname="revampTestCase.SS_PLP_Verify_PrimaryFilter_Select_Color_Functionality">
    <failure type="java.io.IOException" message="Destination &amp;apos;C:\Users\amithpDownloads\DesktopRegressionSuite\DesktopRegressionSuite\Screens\Test Results\Run_28_07_2020_05_53_30\Fail\SS_PLP_Verify_PrimaryFilter_Select_Color_Functionality_Failed.jpg&amp;apos; directory cannot be created">
      <![CDATA[java.io.IOException: Destination 'C:\Users\amithpDownloads\DesktopRegressionSuite\DesktopRegressionSuite\Screens\Test Results\Run_28_07_2020_05_53_30\Fail\SS_PLP_Verify_PrimaryFilter_Select_Color_Functionality_Failed.jpg' directory cannot be created
	at org.apache.commons.io.FileUtils.copyFile(FileUtils.java:646)
	at org.apache.commons.io.FileUtils.copyFile(FileUtils.java:606)
	at utility.Utils.captureScreenshot(Utils.java:943)
	at revampTestCase.SS_PLP_Verify_PrimaryFilter_Select_Color_Functionality.main(SS_PLP_Verify_PrimaryFilter_Select_Color_Functionality.java:87)
... Removed 25 stack frames]]>
    </failure>
  </testcase> <!-- main -->
  <testcase name="main" time="47.181" classname="revampTestCase.SS_PLP_Verify_PrimaryFilter_Select_Price_Functionality"/>
  <testcase name="main" time="24.365" classname="revampTestCase.SS_PLP_Verify_PrimaryFilter_Select_Size_Functionality"/>
  <testcase name="main" time="29.488" classname="revampTestCase.SS_PLP_Verify_Promotion_Image_Link">
    <failure type="java.io.IOException" message="Destination &amp;apos;C:\Users\amithpDownloads\DesktopRegressionSuite\DesktopRegressionSuite\Screens\Test Results\Run_28_07_2020_05_53_30\Fail\SS_PLP_Verify_Promotion_Image_Link_Failed.jpg&amp;apos; directory cannot be created">
      <![CDATA[java.io.IOException: Destination 'C:\Users\amithpDownloads\DesktopRegressionSuite\DesktopRegressionSuite\Screens\Test Results\Run_28_07_2020_05_53_30\Fail\SS_PLP_Verify_Promotion_Image_Link_Failed.jpg' directory cannot be created
	at org.apache.commons.io.FileUtils.copyFile(FileUtils.java:646)
	at org.apache.commons.io.FileUtils.copyFile(FileUtils.java:606)
	at utility.Utils.captureScreenshot(Utils.java:943)
	at revampTestCase.SS_PLP_Verify_Promotion_Image_Link.main(SS_PLP_Verify_Promotion_Image_Link.java:99)
... Removed 25 stack frames]]>
    </failure>
  </testcase> <!-- main -->
  <testcase name="main" time="17.074" classname="revampTestCase.SS_PLP_Verify_QuickView_Details">
    <failure type="java.io.IOException" message="Destination &amp;apos;C:\Users\amithpDownloads\DesktopRegressionSuite\DesktopRegressionSuite\Screens\Test Results\Run_28_07_2020_05_53_30\Fail\SS_PLP_Verify_QuickView_Details_Failed.jpg&amp;apos; directory cannot be created">
      <![CDATA[java.io.IOException: Destination 'C:\Users\amithpDownloads\DesktopRegressionSuite\DesktopRegressionSuite\Screens\Test Results\Run_28_07_2020_05_53_30\Fail\SS_PLP_Verify_QuickView_Details_Failed.jpg' directory cannot be created
	at org.apache.commons.io.FileUtils.copyFile(FileUtils.java:646)
	at org.apache.commons.io.FileUtils.copyFile(FileUtils.java:606)
	at utility.Utils.captureScreenshot(Utils.java:943)
	at revampTestCase.SS_PLP_Verify_QuickView_Details.main(SS_PLP_Verify_QuickView_Details.java:97)
... Removed 25 stack frames]]>
    </failure>
  </testcase> <!-- main -->
  <testcase name="main" time="57.122" classname="revampTestCase.SS_PLP_Verify_Reg_User_Add_Remove_Wishlist">
    <failure type="org.openqa.selenium.NoSuchElementException" message="Unable to locate element: //li[@class=&amp;apos;mobileWish&amp;apos;]/a
For documentation on this error, please visit: http://seleniumhq.org/exceptions/no_such_element.html
Build info: version: &amp;apos;3.7.1&amp;apos;, revision: &amp;apos;8a0099a&amp;apos;, time: &amp;apos;2017-11-06T21:01:39.354Z&amp;apos;
System info: host: &amp;apos;TO-NXGHGAA00163&amp;apos;, ip: &amp;apos;192.168.181.2&amp;apos;, os.name: &amp;apos;Windows 10&amp;apos;, os.arch: &amp;apos;amd64&amp;apos;, os.version: &amp;apos;10.0&amp;apos;, java.version: &amp;apos;1.8.0_221&amp;apos;
Driver info: org.openqa.selenium.firefox.FirefoxDriver
Capabilities {acceptInsecureCerts: true, browserName: firefox, browserVersion: 78.0.2, javascriptEnabled: true, moz:accessibilityChecks: false, moz:buildID: 20200708170202, moz:geckodriverVersion: 0.24.0, moz:headless: false, moz:processID: 22212, moz:profile: C:\Users\amithp\AppData\Loc..., moz:shutdownTimeout: 60000, moz:useNonSpecCompliantPointerOrigin: false, moz:webdriverClick: true, pageLoadStrategy: normal, platform: WINDOWS, platformName: WINDOWS, platformVersion: 10.0, rotatable: false, setWindowRect: true, strictFileInteractability: false, timeouts: {implicit: 0, pageLoad: 300000, script: 30000}, unhandledPromptBehavior: dismiss and notify}
Session ID: 166db540-aea3-4af3-85fd-3649be938c1d
*** Element info: {Using=xpath, value=//li[@class=&amp;apos;mobileWish&amp;apos;]/a}">
      <![CDATA[org.openqa.selenium.NoSuchElementException: Unable to locate element: //li[@class='mobileWish']/a
For documentation on this error, please visit: http://seleniumhq.org/exceptions/no_such_element.html
Build info: version: '3.7.1', revision: '8a0099a', time: '2017-11-06T21:01:39.354Z'
System info: host: 'TO-NXGHGAA00163', ip: '192.168.181.2', os.name: 'Windows 10', os.arch: 'amd64', os.version: '10.0', java.version: '1.8.0_221'
Driver info: org.openqa.selenium.firefox.FirefoxDriver
Capabilities {acceptInsecureCerts: true, browserName: firefox, browserVersion: 78.0.2, javascriptEnabled: true, moz:accessibilityChecks: false, moz:buildID: 20200708170202, moz:geckodriverVersion: 0.24.0, moz:headless: false, moz:processID: 22212, moz:profile: C:\Users\amithp\AppData\Loc..., moz:shutdownTimeout: 60000, moz:useNonSpecCompliantPointerOrigin: false, moz:webdriverClick: true, pageLoadStrategy: normal, platform: WINDOWS, platformName: WINDOWS, platformVersion: 10.0, rotatable: false, setWindowRect: true, strictFileInteractability: false, timeouts: {implicit: 0, pageLoad: 300000, script: 30000}, unhandledPromptBehavior: dismiss and notify}
Session ID: 166db540-aea3-4af3-85fd-3649be938c1d
*** Element info: {Using=xpath, value=//li[@class='mobileWish']/a}
	at org.openqa.selenium.remote.http.W3CHttpResponseCodec.createException(W3CHttpResponseCodec.java:187)
	at org.openqa.selenium.remote.http.W3CHttpResponseCodec.decode(W3CHttpResponseCodec.java:122)
	at org.openqa.selenium.remote.http.W3CHttpResponseCodec.decode(W3CHttpResponseCodec.java:49)
	at org.openqa.selenium.remote.HttpCommandExecutor.execute(HttpCommandExecutor.java:164)
	at org.openqa.selenium.remote.service.DriverCommandExecutor.execute(DriverCommandExecutor.java:83)
	at org.openqa.selenium.remote.RemoteWebDriver.execute(RemoteWebDriver.java:600)
	at org.openqa.selenium.remote.RemoteWebDriver.findElement(RemoteWebDriver.java:370)
	at org.openqa.selenium.remote.RemoteWebDriver.findElementByXPath(RemoteWebDriver.java:472)
	at org.openqa.selenium.By$ByXPath.findElement(By.java:361)
	at org.openqa.selenium.remote.RemoteWebDriver.findElement(RemoteWebDriver.java:362)
	at pageObjects.Home_Page.headerWishlistIcon(Home_Page.java:1207)
	at utility.Utils.removeAllItemFromWishList(Utils.java:485)
	at revampTestCase.SS_PLP_Verify_Reg_User_Add_Remove_Wishlist.main(SS_PLP_Verify_Reg_User_Add_Remove_Wishlist.java:77)
... Removed 28 stack frames]]>
    </failure>
  </testcase> <!-- main -->
  <testcase name="main" time="64.446" classname="revampTestCase.SS_ProfilePage_AddMultipleAddress">
    <failure type="java.io.IOException" message="Destination &amp;apos;C:\Users\amithpDownloads\DesktopRegressionSuite\DesktopRegressionSuite\Screens\Test Results\Run_28_07_2020_05_53_30\Fail\SS_ProfilePage_AddMultipleAddress_Failed.jpg&amp;apos; directory cannot be created">
      <![CDATA[java.io.IOException: Destination 'C:\Users\amithpDownloads\DesktopRegressionSuite\DesktopRegressionSuite\Screens\Test Results\Run_28_07_2020_05_53_30\Fail\SS_ProfilePage_AddMultipleAddress_Failed.jpg' directory cannot be created
	at org.apache.commons.io.FileUtils.copyFile(FileUtils.java:646)
	at org.apache.commons.io.FileUtils.copyFile(FileUtils.java:606)
	at utility.Utils.captureScreenshot(Utils.java:943)
	at revampTestCase.SS_ProfilePage_AddMultipleAddress.main(SS_ProfilePage_AddMultipleAddress.java:121)
... Removed 25 stack frames]]>
    </failure>
  </testcase> <!-- main -->
  <testcase name="Profile" time="59.627" classname="revampTestCase.SS_ProfilePage_Change_Password_Verify_Fields_and_Buttons">
    <failure type="java.io.IOException" message="Destination &amp;apos;C:\Users\amithpDownloads\DesktopRegressionSuite\DesktopRegressionSuite\Screens\Test Results\Run_28_07_2020_05_53_30\Fail\SS_ProfilePage_Change_Password_Verify_Fields_and_Buttons_Failed.jpg&amp;apos; directory cannot be created">
      <![CDATA[java.io.IOException: Destination 'C:\Users\amithpDownloads\DesktopRegressionSuite\DesktopRegressionSuite\Screens\Test Results\Run_28_07_2020_05_53_30\Fail\SS_ProfilePage_Change_Password_Verify_Fields_and_Buttons_Failed.jpg' directory cannot be created
	at org.apache.commons.io.FileUtils.copyFile(FileUtils.java:646)
	at org.apache.commons.io.FileUtils.copyFile(FileUtils.java:606)
	at utility.Utils.captureScreenshot(Utils.java:943)
	at revampTestCase.SS_ProfilePage_Change_Password_Verify_Fields_and_Buttons.Profile(SS_ProfilePage_Change_Password_Verify_Fields_and_Buttons.java:88)
... Removed 25 stack frames]]>
    </failure>
  </testcase> <!-- Profile -->
  <testcase name="Profile" time="56.55" classname="revampTestCase.SS_ProfilePage_EditAddress_ChangeDefaultAddress">
    <failure type="java.io.IOException" message="Destination &amp;apos;C:\Users\amithpDownloads\DesktopRegressionSuite\DesktopRegressionSuite\Screens\Test Results\Run_28_07_2020_05_53_30\Fail\SS_ProfilePage_EditAddress_ChangeDefaultAddress_Failed.jpg&amp;apos; directory cannot be created">
      <![CDATA[java.io.IOException: Destination 'C:\Users\amithpDownloads\DesktopRegressionSuite\DesktopRegressionSuite\Screens\Test Results\Run_28_07_2020_05_53_30\Fail\SS_ProfilePage_EditAddress_ChangeDefaultAddress_Failed.jpg' directory cannot be created
	at org.apache.commons.io.FileUtils.copyFile(FileUtils.java:646)
	at org.apache.commons.io.FileUtils.copyFile(FileUtils.java:606)
	at utility.Utils.captureScreenshot(Utils.java:943)
	at revampTestCase.SS_ProfilePage_EditAddress_ChangeDefaultAddress.Profile(SS_ProfilePage_EditAddress_ChangeDefaultAddress.java:89)
... Removed 25 stack frames]]>
    </failure>
  </testcase> <!-- Profile -->
  <testcase name="Profile" time="73.746" classname="revampTestCase.SS_ProfilePage_Multiple_Address_Only_SingleDefaultAddress">
    <failure type="java.io.IOException" message="Destination &amp;apos;C:\Users\amithpDownloads\DesktopRegressionSuite\DesktopRegressionSuite\Screens\Test Results\Run_28_07_2020_05_53_30\Fail\SS_ProfilePage_Multiple_Address_Only_SingleDefaultAddress_Failed.jpg&amp;apos; directory cannot be created">
      <![CDATA[java.io.IOException: Destination 'C:\Users\amithpDownloads\DesktopRegressionSuite\DesktopRegressionSuite\Screens\Test Results\Run_28_07_2020_05_53_30\Fail\SS_ProfilePage_Multiple_Address_Only_SingleDefaultAddress_Failed.jpg' directory cannot be created
	at org.apache.commons.io.FileUtils.copyFile(FileUtils.java:646)
	at org.apache.commons.io.FileUtils.copyFile(FileUtils.java:606)
	at utility.Utils.captureScreenshot(Utils.java:943)
	at revampTestCase.SS_ProfilePage_Multiple_Address_Only_SingleDefaultAddress.Profile(SS_ProfilePage_Multiple_Address_Only_SingleDefaultAddress.java:92)
... Removed 25 stack frames]]>
    </failure>
  </testcase> <!-- Profile -->
  <testcase name="main" time="38.479" classname="revampTestCase.SS_Public_Verify_HomePage_Banners"/>
  <testcase name="emailTrigger" time="0.001" classname="revampTestCase.EmailTrigger"/>
</testsuite> <!-- Test -->
